ARM GAS  C:\Users\ADMINI~1\AppData\Local\Temp\ccgJDxQy.s 			page 1


   1              		.cpu cortex-m3
   2              		.arch armv7-m
   3              		.fpu softvfp
   4              		.eabi_attribute 20, 1
   5              		.eabi_attribute 21, 1
   6              		.eabi_attribute 23, 3
   7              		.eabi_attribute 24, 1
   8              		.eabi_attribute 25, 1
   9              		.eabi_attribute 26, 1
  10              		.eabi_attribute 30, 1
  11              		.eabi_attribute 34, 1
  12              		.eabi_attribute 18, 4
  13              		.file	"font.c"
  14              		.text
  15              	.Ltext0:
  16              		.cfi_sections	.debug_frame
  17              		.global	Font_11x18
  18              		.global	Font_7x10
  19              		.section	.data.Font_11x18,"aw"
  20              		.align	2
  23              	Font_11x18:
  24 0000 0B       		.byte	11
  25 0001 12       		.byte	18
  26 0002 0000     		.space	2
  27 0004 00000000 		.word	Font11x18
  28              		.section	.data.Font_7x10,"aw"
  29              		.align	2
  32              	Font_7x10:
  33 0000 07       		.byte	7
  34 0001 0A       		.byte	10
  35 0002 0000     		.space	2
  36 0004 00000000 		.word	Font7x10
  37              		.section	.rodata.Font11x18,"a"
  38              		.align	2
  41              	Font11x18:
  42 0000 0000     		.short	0
  43 0002 0000     		.short	0
  44 0004 0000     		.short	0
  45 0006 0000     		.short	0
  46 0008 0000     		.short	0
  47 000a 0000     		.short	0
  48 000c 0000     		.short	0
  49 000e 0000     		.short	0
  50 0010 0000     		.short	0
  51 0012 0000     		.short	0
  52 0014 0000     		.short	0
  53 0016 0000     		.short	0
  54 0018 0000     		.short	0
  55 001a 0000     		.short	0
  56 001c 0000     		.short	0
  57 001e 0000     		.short	0
  58 0020 0000     		.short	0
  59 0022 0000     		.short	0
  60 0024 0000     		.short	0
  61 0026 000C     		.short	3072
  62 0028 000C     		.short	3072
  63 002a 000C     		.short	3072
ARM GAS  C:\Users\ADMINI~1\AppData\Local\Temp\ccgJDxQy.s 			page 2


  64 002c 000C     		.short	3072
  65 002e 000C     		.short	3072
  66 0030 000C     		.short	3072
  67 0032 000C     		.short	3072
  68 0034 000C     		.short	3072
  69 0036 000C     		.short	3072
  70 0038 000C     		.short	3072
  71 003a 000C     		.short	3072
  72 003c 0000     		.short	0
  73 003e 000C     		.short	3072
  74 0040 000C     		.short	3072
  75 0042 0000     		.short	0
  76 0044 0000     		.short	0
  77 0046 0000     		.short	0
  78 0048 0000     		.short	0
  79 004a 001B     		.short	6912
  80 004c 001B     		.short	6912
  81 004e 001B     		.short	6912
  82 0050 001B     		.short	6912
  83 0052 001B     		.short	6912
  84 0054 0000     		.short	0
  85 0056 0000     		.short	0
  86 0058 0000     		.short	0
  87 005a 0000     		.short	0
  88 005c 0000     		.short	0
  89 005e 0000     		.short	0
  90 0060 0000     		.short	0
  91 0062 0000     		.short	0
  92 0064 0000     		.short	0
  93 0066 0000     		.short	0
  94 0068 0000     		.short	0
  95 006a 0000     		.short	0
  96 006c 0000     		.short	0
  97 006e 8019     		.short	6528
  98 0070 8019     		.short	6528
  99 0072 8019     		.short	6528
 100 0074 8019     		.short	6528
 101 0076 C07F     		.short	32704
 102 0078 C07F     		.short	32704
 103 007a 8019     		.short	6528
 104 007c 0033     		.short	13056
 105 007e C07F     		.short	32704
 106 0080 C07F     		.short	32704
 107 0082 0033     		.short	13056
 108 0084 0033     		.short	13056
 109 0086 0033     		.short	13056
 110 0088 0033     		.short	13056
 111 008a 0000     		.short	0
 112 008c 0000     		.short	0
 113 008e 0000     		.short	0
 114 0090 0000     		.short	0
 115 0092 001E     		.short	7680
 116 0094 003F     		.short	16128
 117 0096 8075     		.short	30080
 118 0098 8065     		.short	25984
 119 009a 0074     		.short	29696
 120 009c 003C     		.short	15360
ARM GAS  C:\Users\ADMINI~1\AppData\Local\Temp\ccgJDxQy.s 			page 3


 121 009e 001E     		.short	7680
 122 00a0 0007     		.short	1792
 123 00a2 8005     		.short	1408
 124 00a4 8065     		.short	25984
 125 00a6 8065     		.short	25984
 126 00a8 8075     		.short	30080
 127 00aa 003F     		.short	16128
 128 00ac 001E     		.short	7680
 129 00ae 0004     		.short	1024
 130 00b0 0004     		.short	1024
 131 00b2 0000     		.short	0
 132 00b4 0000     		.short	0
 133 00b6 0070     		.short	28672
 134 00b8 00D8     		.short	-10240
 135 00ba 40D8     		.short	-10176
 136 00bc C0D8     		.short	-10048
 137 00be 80D9     		.short	-9856
 138 00c0 0073     		.short	29440
 139 00c2 0006     		.short	1536
 140 00c4 000C     		.short	3072
 141 00c6 801B     		.short	7040
 142 00c8 C036     		.short	14016
 143 00ca C066     		.short	26304
 144 00cc C046     		.short	18112
 145 00ce C006     		.short	1728
 146 00d0 8003     		.short	896
 147 00d2 0000     		.short	0
 148 00d4 0000     		.short	0
 149 00d6 0000     		.short	0
 150 00d8 0000     		.short	0
 151 00da 001E     		.short	7680
 152 00dc 003F     		.short	16128
 153 00de 0033     		.short	13056
 154 00e0 0033     		.short	13056
 155 00e2 0033     		.short	13056
 156 00e4 001E     		.short	7680
 157 00e6 000C     		.short	3072
 158 00e8 C03C     		.short	15552
 159 00ea C066     		.short	26304
 160 00ec 8063     		.short	25472
 161 00ee 8061     		.short	24960
 162 00f0 8063     		.short	25472
 163 00f2 C03E     		.short	16064
 164 00f4 801C     		.short	7296
 165 00f6 0000     		.short	0
 166 00f8 0000     		.short	0
 167 00fa 0000     		.short	0
 168 00fc 0000     		.short	0
 169 00fe 000C     		.short	3072
 170 0100 000C     		.short	3072
 171 0102 000C     		.short	3072
 172 0104 000C     		.short	3072
 173 0106 000C     		.short	3072
 174 0108 0000     		.short	0
 175 010a 0000     		.short	0
 176 010c 0000     		.short	0
 177 010e 0000     		.short	0
ARM GAS  C:\Users\ADMINI~1\AppData\Local\Temp\ccgJDxQy.s 			page 4


 178 0110 0000     		.short	0
 179 0112 0000     		.short	0
 180 0114 0000     		.short	0
 181 0116 0000     		.short	0
 182 0118 0000     		.short	0
 183 011a 0000     		.short	0
 184 011c 0000     		.short	0
 185 011e 0000     		.short	0
 186 0120 8000     		.short	128
 187 0122 0001     		.short	256
 188 0124 0003     		.short	768
 189 0126 0006     		.short	1536
 190 0128 0006     		.short	1536
 191 012a 0004     		.short	1024
 192 012c 000C     		.short	3072
 193 012e 000C     		.short	3072
 194 0130 000C     		.short	3072
 195 0132 000C     		.short	3072
 196 0134 000C     		.short	3072
 197 0136 000C     		.short	3072
 198 0138 0004     		.short	1024
 199 013a 0006     		.short	1536
 200 013c 0006     		.short	1536
 201 013e 0003     		.short	768
 202 0140 0001     		.short	256
 203 0142 8000     		.short	128
 204 0144 0020     		.short	8192
 205 0146 0010     		.short	4096
 206 0148 0018     		.short	6144
 207 014a 000C     		.short	3072
 208 014c 000C     		.short	3072
 209 014e 0004     		.short	1024
 210 0150 0006     		.short	1536
 211 0152 0006     		.short	1536
 212 0154 0006     		.short	1536
 213 0156 0006     		.short	1536
 214 0158 0006     		.short	1536
 215 015a 0006     		.short	1536
 216 015c 0004     		.short	1024
 217 015e 000C     		.short	3072
 218 0160 000C     		.short	3072
 219 0162 0018     		.short	6144
 220 0164 0010     		.short	4096
 221 0166 0020     		.short	8192
 222 0168 0000     		.short	0
 223 016a 000C     		.short	3072
 224 016c 002D     		.short	11520
 225 016e 003F     		.short	16128
 226 0170 001E     		.short	7680
 227 0172 0033     		.short	13056
 228 0174 0000     		.short	0
 229 0176 0000     		.short	0
 230 0178 0000     		.short	0
 231 017a 0000     		.short	0
 232 017c 0000     		.short	0
 233 017e 0000     		.short	0
 234 0180 0000     		.short	0
ARM GAS  C:\Users\ADMINI~1\AppData\Local\Temp\ccgJDxQy.s 			page 5


 235 0182 0000     		.short	0
 236 0184 0000     		.short	0
 237 0186 0000     		.short	0
 238 0188 0000     		.short	0
 239 018a 0000     		.short	0
 240 018c 0000     		.short	0
 241 018e 0000     		.short	0
 242 0190 0000     		.short	0
 243 0192 000C     		.short	3072
 244 0194 000C     		.short	3072
 245 0196 000C     		.short	3072
 246 0198 000C     		.short	3072
 247 019a C0FF     		.short	-64
 248 019c C0FF     		.short	-64
 249 019e 000C     		.short	3072
 250 01a0 000C     		.short	3072
 251 01a2 000C     		.short	3072
 252 01a4 000C     		.short	3072
 253 01a6 0000     		.short	0
 254 01a8 0000     		.short	0
 255 01aa 0000     		.short	0
 256 01ac 0000     		.short	0
 257 01ae 0000     		.short	0
 258 01b0 0000     		.short	0
 259 01b2 0000     		.short	0
 260 01b4 0000     		.short	0
 261 01b6 0000     		.short	0
 262 01b8 0000     		.short	0
 263 01ba 0000     		.short	0
 264 01bc 0000     		.short	0
 265 01be 0000     		.short	0
 266 01c0 0000     		.short	0
 267 01c2 0000     		.short	0
 268 01c4 0000     		.short	0
 269 01c6 0000     		.short	0
 270 01c8 0000     		.short	0
 271 01ca 000C     		.short	3072
 272 01cc 000C     		.short	3072
 273 01ce 0004     		.short	1024
 274 01d0 0004     		.short	1024
 275 01d2 0008     		.short	2048
 276 01d4 0000     		.short	0
 277 01d6 0000     		.short	0
 278 01d8 0000     		.short	0
 279 01da 0000     		.short	0
 280 01dc 0000     		.short	0
 281 01de 0000     		.short	0
 282 01e0 0000     		.short	0
 283 01e2 0000     		.short	0
 284 01e4 0000     		.short	0
 285 01e6 001E     		.short	7680
 286 01e8 001E     		.short	7680
 287 01ea 0000     		.short	0
 288 01ec 0000     		.short	0
 289 01ee 0000     		.short	0
 290 01f0 0000     		.short	0
 291 01f2 0000     		.short	0
ARM GAS  C:\Users\ADMINI~1\AppData\Local\Temp\ccgJDxQy.s 			page 6


 292 01f4 0000     		.short	0
 293 01f6 0000     		.short	0
 294 01f8 0000     		.short	0
 295 01fa 0000     		.short	0
 296 01fc 0000     		.short	0
 297 01fe 0000     		.short	0
 298 0200 0000     		.short	0
 299 0202 0000     		.short	0
 300 0204 0000     		.short	0
 301 0206 0000     		.short	0
 302 0208 0000     		.short	0
 303 020a 0000     		.short	0
 304 020c 0000     		.short	0
 305 020e 0000     		.short	0
 306 0210 0000     		.short	0
 307 0212 000C     		.short	3072
 308 0214 000C     		.short	3072
 309 0216 0000     		.short	0
 310 0218 0000     		.short	0
 311 021a 0000     		.short	0
 312 021c 0000     		.short	0
 313 021e 0003     		.short	768
 314 0220 0003     		.short	768
 315 0222 0003     		.short	768
 316 0224 0006     		.short	1536
 317 0226 0006     		.short	1536
 318 0228 0006     		.short	1536
 319 022a 0006     		.short	1536
 320 022c 000C     		.short	3072
 321 022e 000C     		.short	3072
 322 0230 000C     		.short	3072
 323 0232 000C     		.short	3072
 324 0234 0018     		.short	6144
 325 0236 0018     		.short	6144
 326 0238 0018     		.short	6144
 327 023a 0000     		.short	0
 328 023c 0000     		.short	0
 329 023e 0000     		.short	0
 330 0240 0000     		.short	0
 331 0242 001E     		.short	7680
 332 0244 003F     		.short	16128
 333 0246 0033     		.short	13056
 334 0248 8061     		.short	24960
 335 024a 8061     		.short	24960
 336 024c 8061     		.short	24960
 337 024e 806D     		.short	28032
 338 0250 806D     		.short	28032
 339 0252 8061     		.short	24960
 340 0254 8061     		.short	24960
 341 0256 8061     		.short	24960
 342 0258 0033     		.short	13056
 343 025a 003F     		.short	16128
 344 025c 001E     		.short	7680
 345 025e 0000     		.short	0
 346 0260 0000     		.short	0
 347 0262 0000     		.short	0
 348 0264 0000     		.short	0
ARM GAS  C:\Users\ADMINI~1\AppData\Local\Temp\ccgJDxQy.s 			page 7


 349 0266 0006     		.short	1536
 350 0268 000E     		.short	3584
 351 026a 001E     		.short	7680
 352 026c 0036     		.short	13824
 353 026e 0026     		.short	9728
 354 0270 0006     		.short	1536
 355 0272 0006     		.short	1536
 356 0274 0006     		.short	1536
 357 0276 0006     		.short	1536
 358 0278 0006     		.short	1536
 359 027a 0006     		.short	1536
 360 027c 0006     		.short	1536
 361 027e 0006     		.short	1536
 362 0280 0006     		.short	1536
 363 0282 0000     		.short	0
 364 0284 0000     		.short	0
 365 0286 0000     		.short	0
 366 0288 0000     		.short	0
 367 028a 001E     		.short	7680
 368 028c 003F     		.short	16128
 369 028e 8073     		.short	29568
 370 0290 8061     		.short	24960
 371 0292 8061     		.short	24960
 372 0294 8001     		.short	384
 373 0296 0003     		.short	768
 374 0298 0006     		.short	1536
 375 029a 000C     		.short	3072
 376 029c 0018     		.short	6144
 377 029e 0030     		.short	12288
 378 02a0 0060     		.short	24576
 379 02a2 807F     		.short	32640
 380 02a4 807F     		.short	32640
 381 02a6 0000     		.short	0
 382 02a8 0000     		.short	0
 383 02aa 0000     		.short	0
 384 02ac 0000     		.short	0
 385 02ae 001C     		.short	7168
 386 02b0 003E     		.short	15872
 387 02b2 0063     		.short	25344
 388 02b4 0063     		.short	25344
 389 02b6 0003     		.short	768
 390 02b8 000E     		.short	3584
 391 02ba 000E     		.short	3584
 392 02bc 0003     		.short	768
 393 02be 8001     		.short	384
 394 02c0 8001     		.short	384
 395 02c2 8061     		.short	24960
 396 02c4 8073     		.short	29568
 397 02c6 003F     		.short	16128
 398 02c8 001E     		.short	7680
 399 02ca 0000     		.short	0
 400 02cc 0000     		.short	0
 401 02ce 0000     		.short	0
 402 02d0 0000     		.short	0
 403 02d2 0006     		.short	1536
 404 02d4 000E     		.short	3584
 405 02d6 000E     		.short	3584
ARM GAS  C:\Users\ADMINI~1\AppData\Local\Temp\ccgJDxQy.s 			page 8


 406 02d8 001E     		.short	7680
 407 02da 001E     		.short	7680
 408 02dc 0016     		.short	5632
 409 02de 0036     		.short	13824
 410 02e0 0036     		.short	13824
 411 02e2 0066     		.short	26112
 412 02e4 807F     		.short	32640
 413 02e6 807F     		.short	32640
 414 02e8 0006     		.short	1536
 415 02ea 0006     		.short	1536
 416 02ec 0006     		.short	1536
 417 02ee 0000     		.short	0
 418 02f0 0000     		.short	0
 419 02f2 0000     		.short	0
 420 02f4 0000     		.short	0
 421 02f6 007F     		.short	32512
 422 02f8 007F     		.short	32512
 423 02fa 0060     		.short	24576
 424 02fc 0060     		.short	24576
 425 02fe 0060     		.short	24576
 426 0300 006E     		.short	28160
 427 0302 007F     		.short	32512
 428 0304 8063     		.short	25472
 429 0306 8001     		.short	384
 430 0308 8001     		.short	384
 431 030a 8061     		.short	24960
 432 030c 8073     		.short	29568
 433 030e 003F     		.short	16128
 434 0310 001E     		.short	7680
 435 0312 0000     		.short	0
 436 0314 0000     		.short	0
 437 0316 0000     		.short	0
 438 0318 0000     		.short	0
 439 031a 001E     		.short	7680
 440 031c 003F     		.short	16128
 441 031e 8033     		.short	13184
 442 0320 8061     		.short	24960
 443 0322 0060     		.short	24576
 444 0324 006E     		.short	28160
 445 0326 007F     		.short	32512
 446 0328 8073     		.short	29568
 447 032a 8061     		.short	24960
 448 032c 8061     		.short	24960
 449 032e 8061     		.short	24960
 450 0330 8033     		.short	13184
 451 0332 003F     		.short	16128
 452 0334 001E     		.short	7680
 453 0336 0000     		.short	0
 454 0338 0000     		.short	0
 455 033a 0000     		.short	0
 456 033c 0000     		.short	0
 457 033e 807F     		.short	32640
 458 0340 807F     		.short	32640
 459 0342 8001     		.short	384
 460 0344 0003     		.short	768
 461 0346 0003     		.short	768
 462 0348 0006     		.short	1536
ARM GAS  C:\Users\ADMINI~1\AppData\Local\Temp\ccgJDxQy.s 			page 9


 463 034a 0006     		.short	1536
 464 034c 000C     		.short	3072
 465 034e 000C     		.short	3072
 466 0350 000C     		.short	3072
 467 0352 0008     		.short	2048
 468 0354 0018     		.short	6144
 469 0356 0018     		.short	6144
 470 0358 0018     		.short	6144
 471 035a 0000     		.short	0
 472 035c 0000     		.short	0
 473 035e 0000     		.short	0
 474 0360 0000     		.short	0
 475 0362 001E     		.short	7680
 476 0364 003F     		.short	16128
 477 0366 8063     		.short	25472
 478 0368 8061     		.short	24960
 479 036a 8061     		.short	24960
 480 036c 0021     		.short	8448
 481 036e 001E     		.short	7680
 482 0370 003F     		.short	16128
 483 0372 8061     		.short	24960
 484 0374 8061     		.short	24960
 485 0376 8061     		.short	24960
 486 0378 8061     		.short	24960
 487 037a 003F     		.short	16128
 488 037c 001E     		.short	7680
 489 037e 0000     		.short	0
 490 0380 0000     		.short	0
 491 0382 0000     		.short	0
 492 0384 0000     		.short	0
 493 0386 001E     		.short	7680
 494 0388 003F     		.short	16128
 495 038a 0073     		.short	29440
 496 038c 8061     		.short	24960
 497 038e 8061     		.short	24960
 498 0390 8061     		.short	24960
 499 0392 8073     		.short	29568
 500 0394 803F     		.short	16256
 501 0396 801D     		.short	7552
 502 0398 8001     		.short	384
 503 039a 8061     		.short	24960
 504 039c 0073     		.short	29440
 505 039e 003F     		.short	16128
 506 03a0 001E     		.short	7680
 507 03a2 0000     		.short	0
 508 03a4 0000     		.short	0
 509 03a6 0000     		.short	0
 510 03a8 0000     		.short	0
 511 03aa 0000     		.short	0
 512 03ac 0000     		.short	0
 513 03ae 0000     		.short	0
 514 03b0 0000     		.short	0
 515 03b2 000C     		.short	3072
 516 03b4 000C     		.short	3072
 517 03b6 0000     		.short	0
 518 03b8 0000     		.short	0
 519 03ba 0000     		.short	0
ARM GAS  C:\Users\ADMINI~1\AppData\Local\Temp\ccgJDxQy.s 			page 10


 520 03bc 0000     		.short	0
 521 03be 0000     		.short	0
 522 03c0 0000     		.short	0
 523 03c2 000C     		.short	3072
 524 03c4 000C     		.short	3072
 525 03c6 0000     		.short	0
 526 03c8 0000     		.short	0
 527 03ca 0000     		.short	0
 528 03cc 0000     		.short	0
 529 03ce 0000     		.short	0
 530 03d0 0000     		.short	0
 531 03d2 0000     		.short	0
 532 03d4 0000     		.short	0
 533 03d6 0000     		.short	0
 534 03d8 000C     		.short	3072
 535 03da 000C     		.short	3072
 536 03dc 0000     		.short	0
 537 03de 0000     		.short	0
 538 03e0 0000     		.short	0
 539 03e2 0000     		.short	0
 540 03e4 0000     		.short	0
 541 03e6 000C     		.short	3072
 542 03e8 000C     		.short	3072
 543 03ea 0004     		.short	1024
 544 03ec 0004     		.short	1024
 545 03ee 0008     		.short	2048
 546 03f0 0000     		.short	0
 547 03f2 0000     		.short	0
 548 03f4 0000     		.short	0
 549 03f6 0000     		.short	0
 550 03f8 8000     		.short	128
 551 03fa 8003     		.short	896
 552 03fc 000E     		.short	3584
 553 03fe 0038     		.short	14336
 554 0400 0060     		.short	24576
 555 0402 0038     		.short	14336
 556 0404 000E     		.short	3584
 557 0406 8003     		.short	896
 558 0408 8000     		.short	128
 559 040a 0000     		.short	0
 560 040c 0000     		.short	0
 561 040e 0000     		.short	0
 562 0410 0000     		.short	0
 563 0412 0000     		.short	0
 564 0414 0000     		.short	0
 565 0416 0000     		.short	0
 566 0418 0000     		.short	0
 567 041a 0000     		.short	0
 568 041c 0000     		.short	0
 569 041e 807F     		.short	32640
 570 0420 807F     		.short	32640
 571 0422 0000     		.short	0
 572 0424 0000     		.short	0
 573 0426 807F     		.short	32640
 574 0428 807F     		.short	32640
 575 042a 0000     		.short	0
 576 042c 0000     		.short	0
ARM GAS  C:\Users\ADMINI~1\AppData\Local\Temp\ccgJDxQy.s 			page 11


 577 042e 0000     		.short	0
 578 0430 0000     		.short	0
 579 0432 0000     		.short	0
 580 0434 0000     		.short	0
 581 0436 0000     		.short	0
 582 0438 0000     		.short	0
 583 043a 0000     		.short	0
 584 043c 0000     		.short	0
 585 043e 0000     		.short	0
 586 0440 0040     		.short	16384
 587 0442 0070     		.short	28672
 588 0444 001C     		.short	7168
 589 0446 0007     		.short	1792
 590 0448 8001     		.short	384
 591 044a 0007     		.short	1792
 592 044c 001C     		.short	7168
 593 044e 0070     		.short	28672
 594 0450 0040     		.short	16384
 595 0452 0000     		.short	0
 596 0454 0000     		.short	0
 597 0456 0000     		.short	0
 598 0458 0000     		.short	0
 599 045a 0000     		.short	0
 600 045c 0000     		.short	0
 601 045e 001F     		.short	7936
 602 0460 803F     		.short	16256
 603 0462 C071     		.short	29120
 604 0464 C060     		.short	24768
 605 0466 C000     		.short	192
 606 0468 C001     		.short	448
 607 046a 8003     		.short	896
 608 046c 0007     		.short	1792
 609 046e 000E     		.short	3584
 610 0470 000C     		.short	3072
 611 0472 000C     		.short	3072
 612 0474 0000     		.short	0
 613 0476 000C     		.short	3072
 614 0478 000C     		.short	3072
 615 047a 0000     		.short	0
 616 047c 0000     		.short	0
 617 047e 0000     		.short	0
 618 0480 0000     		.short	0
 619 0482 001E     		.short	7680
 620 0484 003F     		.short	16128
 621 0486 8031     		.short	12672
 622 0488 8071     		.short	29056
 623 048a 8063     		.short	25472
 624 048c 806F     		.short	28544
 625 048e 806D     		.short	28032
 626 0490 806D     		.short	28032
 627 0492 806F     		.short	28544
 628 0494 8067     		.short	26496
 629 0496 0060     		.short	24576
 630 0498 0032     		.short	12800
 631 049a 003E     		.short	15872
 632 049c 001C     		.short	7168
 633 049e 0000     		.short	0
ARM GAS  C:\Users\ADMINI~1\AppData\Local\Temp\ccgJDxQy.s 			page 12


 634 04a0 0000     		.short	0
 635 04a2 0000     		.short	0
 636 04a4 0000     		.short	0
 637 04a6 000E     		.short	3584
 638 04a8 000E     		.short	3584
 639 04aa 001B     		.short	6912
 640 04ac 001B     		.short	6912
 641 04ae 001B     		.short	6912
 642 04b0 001B     		.short	6912
 643 04b2 8031     		.short	12672
 644 04b4 8031     		.short	12672
 645 04b6 803F     		.short	16256
 646 04b8 803F     		.short	16256
 647 04ba 8031     		.short	12672
 648 04bc C060     		.short	24768
 649 04be C060     		.short	24768
 650 04c0 C060     		.short	24768
 651 04c2 0000     		.short	0
 652 04c4 0000     		.short	0
 653 04c6 0000     		.short	0
 654 04c8 0000     		.short	0
 655 04ca 007C     		.short	31744
 656 04cc 007E     		.short	32256
 657 04ce 0063     		.short	25344
 658 04d0 0063     		.short	25344
 659 04d2 0063     		.short	25344
 660 04d4 0063     		.short	25344
 661 04d6 007E     		.short	32256
 662 04d8 007E     		.short	32256
 663 04da 0063     		.short	25344
 664 04dc 8061     		.short	24960
 665 04de 8061     		.short	24960
 666 04e0 8063     		.short	25472
 667 04e2 007F     		.short	32512
 668 04e4 007E     		.short	32256
 669 04e6 0000     		.short	0
 670 04e8 0000     		.short	0
 671 04ea 0000     		.short	0
 672 04ec 0000     		.short	0
 673 04ee 001E     		.short	7680
 674 04f0 003F     		.short	16128
 675 04f2 8031     		.short	12672
 676 04f4 8061     		.short	24960
 677 04f6 0060     		.short	24576
 678 04f8 0060     		.short	24576
 679 04fa 0060     		.short	24576
 680 04fc 0060     		.short	24576
 681 04fe 0060     		.short	24576
 682 0500 0060     		.short	24576
 683 0502 8061     		.short	24960
 684 0504 8031     		.short	12672
 685 0506 003F     		.short	16128
 686 0508 001E     		.short	7680
 687 050a 0000     		.short	0
 688 050c 0000     		.short	0
 689 050e 0000     		.short	0
 690 0510 0000     		.short	0
ARM GAS  C:\Users\ADMINI~1\AppData\Local\Temp\ccgJDxQy.s 			page 13


 691 0512 007C     		.short	31744
 692 0514 007F     		.short	32512
 693 0516 0063     		.short	25344
 694 0518 8063     		.short	25472
 695 051a 8061     		.short	24960
 696 051c 8061     		.short	24960
 697 051e 8061     		.short	24960
 698 0520 8061     		.short	24960
 699 0522 8061     		.short	24960
 700 0524 8061     		.short	24960
 701 0526 0063     		.short	25344
 702 0528 0063     		.short	25344
 703 052a 007E     		.short	32256
 704 052c 007C     		.short	31744
 705 052e 0000     		.short	0
 706 0530 0000     		.short	0
 707 0532 0000     		.short	0
 708 0534 0000     		.short	0
 709 0536 807F     		.short	32640
 710 0538 807F     		.short	32640
 711 053a 0060     		.short	24576
 712 053c 0060     		.short	24576
 713 053e 0060     		.short	24576
 714 0540 0060     		.short	24576
 715 0542 007F     		.short	32512
 716 0544 007F     		.short	32512
 717 0546 0060     		.short	24576
 718 0548 0060     		.short	24576
 719 054a 0060     		.short	24576
 720 054c 0060     		.short	24576
 721 054e 807F     		.short	32640
 722 0550 807F     		.short	32640
 723 0552 0000     		.short	0
 724 0554 0000     		.short	0
 725 0556 0000     		.short	0
 726 0558 0000     		.short	0
 727 055a 807F     		.short	32640
 728 055c 807F     		.short	32640
 729 055e 0060     		.short	24576
 730 0560 0060     		.short	24576
 731 0562 0060     		.short	24576
 732 0564 0060     		.short	24576
 733 0566 007F     		.short	32512
 734 0568 007F     		.short	32512
 735 056a 0060     		.short	24576
 736 056c 0060     		.short	24576
 737 056e 0060     		.short	24576
 738 0570 0060     		.short	24576
 739 0572 0060     		.short	24576
 740 0574 0060     		.short	24576
 741 0576 0000     		.short	0
 742 0578 0000     		.short	0
 743 057a 0000     		.short	0
 744 057c 0000     		.short	0
 745 057e 001E     		.short	7680
 746 0580 003F     		.short	16128
 747 0582 8031     		.short	12672
ARM GAS  C:\Users\ADMINI~1\AppData\Local\Temp\ccgJDxQy.s 			page 14


 748 0584 8061     		.short	24960
 749 0586 0060     		.short	24576
 750 0588 0060     		.short	24576
 751 058a 0060     		.short	24576
 752 058c 8063     		.short	25472
 753 058e 8063     		.short	25472
 754 0590 8061     		.short	24960
 755 0592 8061     		.short	24960
 756 0594 8031     		.short	12672
 757 0596 803F     		.short	16256
 758 0598 001E     		.short	7680
 759 059a 0000     		.short	0
 760 059c 0000     		.short	0
 761 059e 0000     		.short	0
 762 05a0 0000     		.short	0
 763 05a2 8061     		.short	24960
 764 05a4 8061     		.short	24960
 765 05a6 8061     		.short	24960
 766 05a8 8061     		.short	24960
 767 05aa 8061     		.short	24960
 768 05ac 8061     		.short	24960
 769 05ae 807F     		.short	32640
 770 05b0 807F     		.short	32640
 771 05b2 8061     		.short	24960
 772 05b4 8061     		.short	24960
 773 05b6 8061     		.short	24960
 774 05b8 8061     		.short	24960
 775 05ba 8061     		.short	24960
 776 05bc 8061     		.short	24960
 777 05be 0000     		.short	0
 778 05c0 0000     		.short	0
 779 05c2 0000     		.short	0
 780 05c4 0000     		.short	0
 781 05c6 003F     		.short	16128
 782 05c8 003F     		.short	16128
 783 05ca 000C     		.short	3072
 784 05cc 000C     		.short	3072
 785 05ce 000C     		.short	3072
 786 05d0 000C     		.short	3072
 787 05d2 000C     		.short	3072
 788 05d4 000C     		.short	3072
 789 05d6 000C     		.short	3072
 790 05d8 000C     		.short	3072
 791 05da 000C     		.short	3072
 792 05dc 000C     		.short	3072
 793 05de 003F     		.short	16128
 794 05e0 003F     		.short	16128
 795 05e2 0000     		.short	0
 796 05e4 0000     		.short	0
 797 05e6 0000     		.short	0
 798 05e8 0000     		.short	0
 799 05ea 8001     		.short	384
 800 05ec 8001     		.short	384
 801 05ee 8001     		.short	384
 802 05f0 8001     		.short	384
 803 05f2 8001     		.short	384
 804 05f4 8001     		.short	384
ARM GAS  C:\Users\ADMINI~1\AppData\Local\Temp\ccgJDxQy.s 			page 15


 805 05f6 8001     		.short	384
 806 05f8 8001     		.short	384
 807 05fa 8001     		.short	384
 808 05fc 8061     		.short	24960
 809 05fe 8061     		.short	24960
 810 0600 8073     		.short	29568
 811 0602 003F     		.short	16128
 812 0604 001E     		.short	7680
 813 0606 0000     		.short	0
 814 0608 0000     		.short	0
 815 060a 0000     		.short	0
 816 060c 0000     		.short	0
 817 060e C060     		.short	24768
 818 0610 8061     		.short	24960
 819 0612 0063     		.short	25344
 820 0614 0066     		.short	26112
 821 0616 0066     		.short	26112
 822 0618 006C     		.short	27648
 823 061a 0078     		.short	30720
 824 061c 007C     		.short	31744
 825 061e 0066     		.short	26112
 826 0620 0066     		.short	26112
 827 0622 0063     		.short	25344
 828 0624 8061     		.short	24960
 829 0626 8061     		.short	24960
 830 0628 C060     		.short	24768
 831 062a 0000     		.short	0
 832 062c 0000     		.short	0
 833 062e 0000     		.short	0
 834 0630 0000     		.short	0
 835 0632 0060     		.short	24576
 836 0634 0060     		.short	24576
 837 0636 0060     		.short	24576
 838 0638 0060     		.short	24576
 839 063a 0060     		.short	24576
 840 063c 0060     		.short	24576
 841 063e 0060     		.short	24576
 842 0640 0060     		.short	24576
 843 0642 0060     		.short	24576
 844 0644 0060     		.short	24576
 845 0646 0060     		.short	24576
 846 0648 0060     		.short	24576
 847 064a 807F     		.short	32640
 848 064c 807F     		.short	32640
 849 064e 0000     		.short	0
 850 0650 0000     		.short	0
 851 0652 0000     		.short	0
 852 0654 0000     		.short	0
 853 0656 C071     		.short	29120
 854 0658 C071     		.short	29120
 855 065a C07B     		.short	31680
 856 065c C07A     		.short	31424
 857 065e C06A     		.short	27328
 858 0660 C06A     		.short	27328
 859 0662 C06E     		.short	28352
 860 0664 C064     		.short	25792
 861 0666 C060     		.short	24768
ARM GAS  C:\Users\ADMINI~1\AppData\Local\Temp\ccgJDxQy.s 			page 16


 862 0668 C060     		.short	24768
 863 066a C060     		.short	24768
 864 066c C060     		.short	24768
 865 066e C060     		.short	24768
 866 0670 C060     		.short	24768
 867 0672 0000     		.short	0
 868 0674 0000     		.short	0
 869 0676 0000     		.short	0
 870 0678 0000     		.short	0
 871 067a 8071     		.short	29056
 872 067c 8071     		.short	29056
 873 067e 8079     		.short	31104
 874 0680 8079     		.short	31104
 875 0682 8079     		.short	31104
 876 0684 806D     		.short	28032
 877 0686 806D     		.short	28032
 878 0688 806D     		.short	28032
 879 068a 8065     		.short	25984
 880 068c 8067     		.short	26496
 881 068e 8067     		.short	26496
 882 0690 8067     		.short	26496
 883 0692 8063     		.short	25472
 884 0694 8063     		.short	25472
 885 0696 0000     		.short	0
 886 0698 0000     		.short	0
 887 069a 0000     		.short	0
 888 069c 0000     		.short	0
 889 069e 001E     		.short	7680
 890 06a0 003F     		.short	16128
 891 06a2 0033     		.short	13056
 892 06a4 8061     		.short	24960
 893 06a6 8061     		.short	24960
 894 06a8 8061     		.short	24960
 895 06aa 8061     		.short	24960
 896 06ac 8061     		.short	24960
 897 06ae 8061     		.short	24960
 898 06b0 8061     		.short	24960
 899 06b2 8061     		.short	24960
 900 06b4 0033     		.short	13056
 901 06b6 003F     		.short	16128
 902 06b8 001E     		.short	7680
 903 06ba 0000     		.short	0
 904 06bc 0000     		.short	0
 905 06be 0000     		.short	0
 906 06c0 0000     		.short	0
 907 06c2 007E     		.short	32256
 908 06c4 007F     		.short	32512
 909 06c6 8063     		.short	25472
 910 06c8 8061     		.short	24960
 911 06ca 8061     		.short	24960
 912 06cc 8061     		.short	24960
 913 06ce 8063     		.short	25472
 914 06d0 007F     		.short	32512
 915 06d2 007E     		.short	32256
 916 06d4 0060     		.short	24576
 917 06d6 0060     		.short	24576
 918 06d8 0060     		.short	24576
ARM GAS  C:\Users\ADMINI~1\AppData\Local\Temp\ccgJDxQy.s 			page 17


 919 06da 0060     		.short	24576
 920 06dc 0060     		.short	24576
 921 06de 0000     		.short	0
 922 06e0 0000     		.short	0
 923 06e2 0000     		.short	0
 924 06e4 0000     		.short	0
 925 06e6 001E     		.short	7680
 926 06e8 003F     		.short	16128
 927 06ea 0033     		.short	13056
 928 06ec 8061     		.short	24960
 929 06ee 8061     		.short	24960
 930 06f0 8061     		.short	24960
 931 06f2 8061     		.short	24960
 932 06f4 8061     		.short	24960
 933 06f6 8061     		.short	24960
 934 06f8 8065     		.short	25984
 935 06fa 8067     		.short	26496
 936 06fc 0033     		.short	13056
 937 06fe 803F     		.short	16256
 938 0700 401E     		.short	7744
 939 0702 0000     		.short	0
 940 0704 0000     		.short	0
 941 0706 0000     		.short	0
 942 0708 0000     		.short	0
 943 070a 007E     		.short	32256
 944 070c 007F     		.short	32512
 945 070e 8063     		.short	25472
 946 0710 8061     		.short	24960
 947 0712 8061     		.short	24960
 948 0714 8063     		.short	25472
 949 0716 007F     		.short	32512
 950 0718 007E     		.short	32256
 951 071a 0066     		.short	26112
 952 071c 0063     		.short	25344
 953 071e 0063     		.short	25344
 954 0720 8061     		.short	24960
 955 0722 8061     		.short	24960
 956 0724 C060     		.short	24768
 957 0726 0000     		.short	0
 958 0728 0000     		.short	0
 959 072a 0000     		.short	0
 960 072c 0000     		.short	0
 961 072e 000E     		.short	3584
 962 0730 001F     		.short	7936
 963 0732 8031     		.short	12672
 964 0734 8031     		.short	12672
 965 0736 0030     		.short	12288
 966 0738 0038     		.short	14336
 967 073a 001E     		.short	7680
 968 073c 0007     		.short	1792
 969 073e 8003     		.short	896
 970 0740 8061     		.short	24960
 971 0742 8061     		.short	24960
 972 0744 8031     		.short	12672
 973 0746 003F     		.short	16128
 974 0748 001E     		.short	7680
 975 074a 0000     		.short	0
ARM GAS  C:\Users\ADMINI~1\AppData\Local\Temp\ccgJDxQy.s 			page 18


 976 074c 0000     		.short	0
 977 074e 0000     		.short	0
 978 0750 0000     		.short	0
 979 0752 C0FF     		.short	-64
 980 0754 C0FF     		.short	-64
 981 0756 000C     		.short	3072
 982 0758 000C     		.short	3072
 983 075a 000C     		.short	3072
 984 075c 000C     		.short	3072
 985 075e 000C     		.short	3072
 986 0760 000C     		.short	3072
 987 0762 000C     		.short	3072
 988 0764 000C     		.short	3072
 989 0766 000C     		.short	3072
 990 0768 000C     		.short	3072
 991 076a 000C     		.short	3072
 992 076c 000C     		.short	3072
 993 076e 0000     		.short	0
 994 0770 0000     		.short	0
 995 0772 0000     		.short	0
 996 0774 0000     		.short	0
 997 0776 8061     		.short	24960
 998 0778 8061     		.short	24960
 999 077a 8061     		.short	24960
 1000 077c 8061     		.short	24960
 1001 077e 8061     		.short	24960
 1002 0780 8061     		.short	24960
 1003 0782 8061     		.short	24960
 1004 0784 8061     		.short	24960
 1005 0786 8061     		.short	24960
 1006 0788 8061     		.short	24960
 1007 078a 8061     		.short	24960
 1008 078c 8073     		.short	29568
 1009 078e 003F     		.short	16128
 1010 0790 001E     		.short	7680
 1011 0792 0000     		.short	0
 1012 0794 0000     		.short	0
 1013 0796 0000     		.short	0
 1014 0798 0000     		.short	0
 1015 079a C060     		.short	24768
 1016 079c C060     		.short	24768
 1017 079e C060     		.short	24768
 1018 07a0 8031     		.short	12672
 1019 07a2 8031     		.short	12672
 1020 07a4 8031     		.short	12672
 1021 07a6 001B     		.short	6912
 1022 07a8 001B     		.short	6912
 1023 07aa 001B     		.short	6912
 1024 07ac 001B     		.short	6912
 1025 07ae 000E     		.short	3584
 1026 07b0 000E     		.short	3584
 1027 07b2 000E     		.short	3584
 1028 07b4 0004     		.short	1024
 1029 07b6 0000     		.short	0
 1030 07b8 0000     		.short	0
 1031 07ba 0000     		.short	0
 1032 07bc 0000     		.short	0
ARM GAS  C:\Users\ADMINI~1\AppData\Local\Temp\ccgJDxQy.s 			page 19


 1033 07be C0C0     		.short	-16192
 1034 07c0 C0C0     		.short	-16192
 1035 07c2 C0C0     		.short	-16192
 1036 07c4 C0C0     		.short	-16192
 1037 07c6 C0C0     		.short	-16192
 1038 07c8 C0CC     		.short	-13120
 1039 07ca 804C     		.short	19584
 1040 07cc 804C     		.short	19584
 1041 07ce 805E     		.short	24192
 1042 07d0 8052     		.short	21120
 1043 07d2 8052     		.short	21120
 1044 07d4 8073     		.short	29568
 1045 07d6 8061     		.short	24960
 1046 07d8 8061     		.short	24960
 1047 07da 0000     		.short	0
 1048 07dc 0000     		.short	0
 1049 07de 0000     		.short	0
 1050 07e0 0000     		.short	0
 1051 07e2 C0C0     		.short	-16192
 1052 07e4 8060     		.short	24704
 1053 07e6 8061     		.short	24960
 1054 07e8 0033     		.short	13056
 1055 07ea 003B     		.short	15104
 1056 07ec 001E     		.short	7680
 1057 07ee 000C     		.short	3072
 1058 07f0 000C     		.short	3072
 1059 07f2 001E     		.short	7680
 1060 07f4 001F     		.short	7936
 1061 07f6 003B     		.short	15104
 1062 07f8 8071     		.short	29056
 1063 07fa 8061     		.short	24960
 1064 07fc C0C0     		.short	-16192
 1065 07fe 0000     		.short	0
 1066 0800 0000     		.short	0
 1067 0802 0000     		.short	0
 1068 0804 0000     		.short	0
 1069 0806 C0C0     		.short	-16192
 1070 0808 8061     		.short	24960
 1071 080a 8061     		.short	24960
 1072 080c 0033     		.short	13056
 1073 080e 0033     		.short	13056
 1074 0810 001E     		.short	7680
 1075 0812 001E     		.short	7680
 1076 0814 000C     		.short	3072
 1077 0816 000C     		.short	3072
 1078 0818 000C     		.short	3072
 1079 081a 000C     		.short	3072
 1080 081c 000C     		.short	3072
 1081 081e 000C     		.short	3072
 1082 0820 000C     		.short	3072
 1083 0822 0000     		.short	0
 1084 0824 0000     		.short	0
 1085 0826 0000     		.short	0
 1086 0828 0000     		.short	0
 1087 082a 803F     		.short	16256
 1088 082c 803F     		.short	16256
 1089 082e 8001     		.short	384
ARM GAS  C:\Users\ADMINI~1\AppData\Local\Temp\ccgJDxQy.s 			page 20


 1090 0830 0003     		.short	768
 1091 0832 0003     		.short	768
 1092 0834 0006     		.short	1536
 1093 0836 000C     		.short	3072
 1094 0838 000C     		.short	3072
 1095 083a 0018     		.short	6144
 1096 083c 0018     		.short	6144
 1097 083e 0030     		.short	12288
 1098 0840 0060     		.short	24576
 1099 0842 807F     		.short	32640
 1100 0844 807F     		.short	32640
 1101 0846 0000     		.short	0
 1102 0848 0000     		.short	0
 1103 084a 0000     		.short	0
 1104 084c 000F     		.short	3840
 1105 084e 000F     		.short	3840
 1106 0850 000C     		.short	3072
 1107 0852 000C     		.short	3072
 1108 0854 000C     		.short	3072
 1109 0856 000C     		.short	3072
 1110 0858 000C     		.short	3072
 1111 085a 000C     		.short	3072
 1112 085c 000C     		.short	3072
 1113 085e 000C     		.short	3072
 1114 0860 000C     		.short	3072
 1115 0862 000C     		.short	3072
 1116 0864 000C     		.short	3072
 1117 0866 000C     		.short	3072
 1118 0868 000C     		.short	3072
 1119 086a 000C     		.short	3072
 1120 086c 000F     		.short	3840
 1121 086e 000F     		.short	3840
 1122 0870 0000     		.short	0
 1123 0872 0018     		.short	6144
 1124 0874 0018     		.short	6144
 1125 0876 0018     		.short	6144
 1126 0878 000C     		.short	3072
 1127 087a 000C     		.short	3072
 1128 087c 000C     		.short	3072
 1129 087e 000C     		.short	3072
 1130 0880 0006     		.short	1536
 1131 0882 0006     		.short	1536
 1132 0884 0006     		.short	1536
 1133 0886 0006     		.short	1536
 1134 0888 0003     		.short	768
 1135 088a 0003     		.short	768
 1136 088c 0003     		.short	768
 1137 088e 0000     		.short	0
 1138 0890 0000     		.short	0
 1139 0892 0000     		.short	0
 1140 0894 001E     		.short	7680
 1141 0896 001E     		.short	7680
 1142 0898 0006     		.short	1536
 1143 089a 0006     		.short	1536
 1144 089c 0006     		.short	1536
 1145 089e 0006     		.short	1536
 1146 08a0 0006     		.short	1536
ARM GAS  C:\Users\ADMINI~1\AppData\Local\Temp\ccgJDxQy.s 			page 21


 1147 08a2 0006     		.short	1536
 1148 08a4 0006     		.short	1536
 1149 08a6 0006     		.short	1536
 1150 08a8 0006     		.short	1536
 1151 08aa 0006     		.short	1536
 1152 08ac 0006     		.short	1536
 1153 08ae 0006     		.short	1536
 1154 08b0 0006     		.short	1536
 1155 08b2 0006     		.short	1536
 1156 08b4 001E     		.short	7680
 1157 08b6 001E     		.short	7680
 1158 08b8 0000     		.short	0
 1159 08ba 000C     		.short	3072
 1160 08bc 000C     		.short	3072
 1161 08be 001E     		.short	7680
 1162 08c0 0012     		.short	4608
 1163 08c2 0033     		.short	13056
 1164 08c4 0033     		.short	13056
 1165 08c6 8061     		.short	24960
 1166 08c8 8061     		.short	24960
 1167 08ca 0000     		.short	0
 1168 08cc 0000     		.short	0
 1169 08ce 0000     		.short	0
 1170 08d0 0000     		.short	0
 1171 08d2 0000     		.short	0
 1172 08d4 0000     		.short	0
 1173 08d6 0000     		.short	0
 1174 08d8 0000     		.short	0
 1175 08da 0000     		.short	0
 1176 08dc 0000     		.short	0
 1177 08de 0000     		.short	0
 1178 08e0 0000     		.short	0
 1179 08e2 0000     		.short	0
 1180 08e4 0000     		.short	0
 1181 08e6 0000     		.short	0
 1182 08e8 0000     		.short	0
 1183 08ea 0000     		.short	0
 1184 08ec 0000     		.short	0
 1185 08ee 0000     		.short	0
 1186 08f0 0000     		.short	0
 1187 08f2 0000     		.short	0
 1188 08f4 0000     		.short	0
 1189 08f6 0000     		.short	0
 1190 08f8 0000     		.short	0
 1191 08fa 0000     		.short	0
 1192 08fc E0FF     		.short	-32
 1193 08fe 0000     		.short	0
 1194 0900 0000     		.short	0
 1195 0902 0038     		.short	14336
 1196 0904 0018     		.short	6144
 1197 0906 000C     		.short	3072
 1198 0908 0000     		.short	0
 1199 090a 0000     		.short	0
 1200 090c 0000     		.short	0
 1201 090e 0000     		.short	0
 1202 0910 0000     		.short	0
 1203 0912 0000     		.short	0
ARM GAS  C:\Users\ADMINI~1\AppData\Local\Temp\ccgJDxQy.s 			page 22


 1204 0914 0000     		.short	0
 1205 0916 0000     		.short	0
 1206 0918 0000     		.short	0
 1207 091a 0000     		.short	0
 1208 091c 0000     		.short	0
 1209 091e 0000     		.short	0
 1210 0920 0000     		.short	0
 1211 0922 0000     		.short	0
 1212 0924 0000     		.short	0
 1213 0926 0000     		.short	0
 1214 0928 0000     		.short	0
 1215 092a 0000     		.short	0
 1216 092c 0000     		.short	0
 1217 092e 001F     		.short	7936
 1218 0930 803F     		.short	16256
 1219 0932 8061     		.short	24960
 1220 0934 8001     		.short	384
 1221 0936 801F     		.short	8064
 1222 0938 803F     		.short	16256
 1223 093a 8061     		.short	24960
 1224 093c 8063     		.short	25472
 1225 093e 807F     		.short	32640
 1226 0940 C038     		.short	14528
 1227 0942 0000     		.short	0
 1228 0944 0000     		.short	0
 1229 0946 0000     		.short	0
 1230 0948 0000     		.short	0
 1231 094a 0060     		.short	24576
 1232 094c 0060     		.short	24576
 1233 094e 0060     		.short	24576
 1234 0950 0060     		.short	24576
 1235 0952 006E     		.short	28160
 1236 0954 007F     		.short	32512
 1237 0956 8073     		.short	29568
 1238 0958 8061     		.short	24960
 1239 095a 8061     		.short	24960
 1240 095c 8061     		.short	24960
 1241 095e 8061     		.short	24960
 1242 0960 8073     		.short	29568
 1243 0962 007F     		.short	32512
 1244 0964 006E     		.short	28160
 1245 0966 0000     		.short	0
 1246 0968 0000     		.short	0
 1247 096a 0000     		.short	0
 1248 096c 0000     		.short	0
 1249 096e 0000     		.short	0
 1250 0970 0000     		.short	0
 1251 0972 0000     		.short	0
 1252 0974 0000     		.short	0
 1253 0976 001E     		.short	7680
 1254 0978 003F     		.short	16128
 1255 097a 8073     		.short	29568
 1256 097c 8061     		.short	24960
 1257 097e 0060     		.short	24576
 1258 0980 0060     		.short	24576
 1259 0982 8061     		.short	24960
 1260 0984 8073     		.short	29568
ARM GAS  C:\Users\ADMINI~1\AppData\Local\Temp\ccgJDxQy.s 			page 23


 1261 0986 003F     		.short	16128
 1262 0988 001E     		.short	7680
 1263 098a 0000     		.short	0
 1264 098c 0000     		.short	0
 1265 098e 0000     		.short	0
 1266 0990 0000     		.short	0
 1267 0992 8001     		.short	384
 1268 0994 8001     		.short	384
 1269 0996 8001     		.short	384
 1270 0998 8001     		.short	384
 1271 099a 801D     		.short	7552
 1272 099c 803F     		.short	16256
 1273 099e 8073     		.short	29568
 1274 09a0 8061     		.short	24960
 1275 09a2 8061     		.short	24960
 1276 09a4 8061     		.short	24960
 1277 09a6 8061     		.short	24960
 1278 09a8 8073     		.short	29568
 1279 09aa 803F     		.short	16256
 1280 09ac 801D     		.short	7552
 1281 09ae 0000     		.short	0
 1282 09b0 0000     		.short	0
 1283 09b2 0000     		.short	0
 1284 09b4 0000     		.short	0
 1285 09b6 0000     		.short	0
 1286 09b8 0000     		.short	0
 1287 09ba 0000     		.short	0
 1288 09bc 0000     		.short	0
 1289 09be 001E     		.short	7680
 1290 09c0 003F     		.short	16128
 1291 09c2 0073     		.short	29440
 1292 09c4 8061     		.short	24960
 1293 09c6 807F     		.short	32640
 1294 09c8 807F     		.short	32640
 1295 09ca 0060     		.short	24576
 1296 09cc 8071     		.short	29056
 1297 09ce 003F     		.short	16128
 1298 09d0 001E     		.short	7680
 1299 09d2 0000     		.short	0
 1300 09d4 0000     		.short	0
 1301 09d6 0000     		.short	0
 1302 09d8 0000     		.short	0
 1303 09da C007     		.short	1984
 1304 09dc C00F     		.short	4032
 1305 09de 000C     		.short	3072
 1306 09e0 000C     		.short	3072
 1307 09e2 807F     		.short	32640
 1308 09e4 807F     		.short	32640
 1309 09e6 000C     		.short	3072
 1310 09e8 000C     		.short	3072
 1311 09ea 000C     		.short	3072
 1312 09ec 000C     		.short	3072
 1313 09ee 000C     		.short	3072
 1314 09f0 000C     		.short	3072
 1315 09f2 000C     		.short	3072
 1316 09f4 000C     		.short	3072
 1317 09f6 0000     		.short	0
ARM GAS  C:\Users\ADMINI~1\AppData\Local\Temp\ccgJDxQy.s 			page 24


 1318 09f8 0000     		.short	0
 1319 09fa 0000     		.short	0
 1320 09fc 0000     		.short	0
 1321 09fe 0000     		.short	0
 1322 0a00 0000     		.short	0
 1323 0a02 0000     		.short	0
 1324 0a04 801D     		.short	7552
 1325 0a06 803F     		.short	16256
 1326 0a08 8073     		.short	29568
 1327 0a0a 8061     		.short	24960
 1328 0a0c 8061     		.short	24960
 1329 0a0e 8061     		.short	24960
 1330 0a10 8061     		.short	24960
 1331 0a12 8073     		.short	29568
 1332 0a14 803F     		.short	16256
 1333 0a16 801D     		.short	7552
 1334 0a18 8001     		.short	384
 1335 0a1a 8063     		.short	25472
 1336 0a1c 007F     		.short	32512
 1337 0a1e 003E     		.short	15872
 1338 0a20 0000     		.short	0
 1339 0a22 0060     		.short	24576
 1340 0a24 0060     		.short	24576
 1341 0a26 0060     		.short	24576
 1342 0a28 0060     		.short	24576
 1343 0a2a 006F     		.short	28416
 1344 0a2c 807F     		.short	32640
 1345 0a2e 8071     		.short	29056
 1346 0a30 8061     		.short	24960
 1347 0a32 8061     		.short	24960
 1348 0a34 8061     		.short	24960
 1349 0a36 8061     		.short	24960
 1350 0a38 8061     		.short	24960
 1351 0a3a 8061     		.short	24960
 1352 0a3c 8061     		.short	24960
 1353 0a3e 0000     		.short	0
 1354 0a40 0000     		.short	0
 1355 0a42 0000     		.short	0
 1356 0a44 0000     		.short	0
 1357 0a46 0006     		.short	1536
 1358 0a48 0006     		.short	1536
 1359 0a4a 0000     		.short	0
 1360 0a4c 0000     		.short	0
 1361 0a4e 003E     		.short	15872
 1362 0a50 003E     		.short	15872
 1363 0a52 0006     		.short	1536
 1364 0a54 0006     		.short	1536
 1365 0a56 0006     		.short	1536
 1366 0a58 0006     		.short	1536
 1367 0a5a 0006     		.short	1536
 1368 0a5c 0006     		.short	1536
 1369 0a5e 0006     		.short	1536
 1370 0a60 0006     		.short	1536
 1371 0a62 0000     		.short	0
 1372 0a64 0000     		.short	0
 1373 0a66 0000     		.short	0
 1374 0a68 0006     		.short	1536
ARM GAS  C:\Users\ADMINI~1\AppData\Local\Temp\ccgJDxQy.s 			page 25


 1375 0a6a 0006     		.short	1536
 1376 0a6c 0000     		.short	0
 1377 0a6e 0000     		.short	0
 1378 0a70 003E     		.short	15872
 1379 0a72 003E     		.short	15872
 1380 0a74 0006     		.short	1536
 1381 0a76 0006     		.short	1536
 1382 0a78 0006     		.short	1536
 1383 0a7a 0006     		.short	1536
 1384 0a7c 0006     		.short	1536
 1385 0a7e 0006     		.short	1536
 1386 0a80 0006     		.short	1536
 1387 0a82 0006     		.short	1536
 1388 0a84 0006     		.short	1536
 1389 0a86 0046     		.short	17920
 1390 0a88 007E     		.short	32256
 1391 0a8a 003C     		.short	15360
 1392 0a8c 0000     		.short	0
 1393 0a8e 0060     		.short	24576
 1394 0a90 0060     		.short	24576
 1395 0a92 0060     		.short	24576
 1396 0a94 0060     		.short	24576
 1397 0a96 8061     		.short	24960
 1398 0a98 0063     		.short	25344
 1399 0a9a 0066     		.short	26112
 1400 0a9c 006C     		.short	27648
 1401 0a9e 007C     		.short	31744
 1402 0aa0 0076     		.short	30208
 1403 0aa2 0063     		.short	25344
 1404 0aa4 0063     		.short	25344
 1405 0aa6 8061     		.short	24960
 1406 0aa8 C060     		.short	24768
 1407 0aaa 0000     		.short	0
 1408 0aac 0000     		.short	0
 1409 0aae 0000     		.short	0
 1410 0ab0 0000     		.short	0
 1411 0ab2 003E     		.short	15872
 1412 0ab4 003E     		.short	15872
 1413 0ab6 0006     		.short	1536
 1414 0ab8 0006     		.short	1536
 1415 0aba 0006     		.short	1536
 1416 0abc 0006     		.short	1536
 1417 0abe 0006     		.short	1536
 1418 0ac0 0006     		.short	1536
 1419 0ac2 0006     		.short	1536
 1420 0ac4 0006     		.short	1536
 1421 0ac6 0006     		.short	1536
 1422 0ac8 0006     		.short	1536
 1423 0aca 0006     		.short	1536
 1424 0acc 0006     		.short	1536
 1425 0ace 0000     		.short	0
 1426 0ad0 0000     		.short	0
 1427 0ad2 0000     		.short	0
 1428 0ad4 0000     		.short	0
 1429 0ad6 0000     		.short	0
 1430 0ad8 0000     		.short	0
 1431 0ada 0000     		.short	0
ARM GAS  C:\Users\ADMINI~1\AppData\Local\Temp\ccgJDxQy.s 			page 26


 1432 0adc 0000     		.short	0
 1433 0ade 80DD     		.short	-8832
 1434 0ae0 C0FF     		.short	-64
 1435 0ae2 C0CE     		.short	-12608
 1436 0ae4 C0CC     		.short	-13120
 1437 0ae6 C0CC     		.short	-13120
 1438 0ae8 C0CC     		.short	-13120
 1439 0aea C0CC     		.short	-13120
 1440 0aec C0CC     		.short	-13120
 1441 0aee C0CC     		.short	-13120
 1442 0af0 C0CC     		.short	-13120
 1443 0af2 0000     		.short	0
 1444 0af4 0000     		.short	0
 1445 0af6 0000     		.short	0
 1446 0af8 0000     		.short	0
 1447 0afa 0000     		.short	0
 1448 0afc 0000     		.short	0
 1449 0afe 0000     		.short	0
 1450 0b00 0000     		.short	0
 1451 0b02 006F     		.short	28416
 1452 0b04 807F     		.short	32640
 1453 0b06 8071     		.short	29056
 1454 0b08 8061     		.short	24960
 1455 0b0a 8061     		.short	24960
 1456 0b0c 8061     		.short	24960
 1457 0b0e 8061     		.short	24960
 1458 0b10 8061     		.short	24960
 1459 0b12 8061     		.short	24960
 1460 0b14 8061     		.short	24960
 1461 0b16 0000     		.short	0
 1462 0b18 0000     		.short	0
 1463 0b1a 0000     		.short	0
 1464 0b1c 0000     		.short	0
 1465 0b1e 0000     		.short	0
 1466 0b20 0000     		.short	0
 1467 0b22 0000     		.short	0
 1468 0b24 0000     		.short	0
 1469 0b26 001E     		.short	7680
 1470 0b28 003F     		.short	16128
 1471 0b2a 8073     		.short	29568
 1472 0b2c 8061     		.short	24960
 1473 0b2e 8061     		.short	24960
 1474 0b30 8061     		.short	24960
 1475 0b32 8061     		.short	24960
 1476 0b34 8073     		.short	29568
 1477 0b36 003F     		.short	16128
 1478 0b38 001E     		.short	7680
 1479 0b3a 0000     		.short	0
 1480 0b3c 0000     		.short	0
 1481 0b3e 0000     		.short	0
 1482 0b40 0000     		.short	0
 1483 0b42 0000     		.short	0
 1484 0b44 0000     		.short	0
 1485 0b46 0000     		.short	0
 1486 0b48 006E     		.short	28160
 1487 0b4a 007F     		.short	32512
 1488 0b4c 8073     		.short	29568
ARM GAS  C:\Users\ADMINI~1\AppData\Local\Temp\ccgJDxQy.s 			page 27


 1489 0b4e 8061     		.short	24960
 1490 0b50 8061     		.short	24960
 1491 0b52 8061     		.short	24960
 1492 0b54 8061     		.short	24960
 1493 0b56 8073     		.short	29568
 1494 0b58 007F     		.short	32512
 1495 0b5a 006E     		.short	28160
 1496 0b5c 0060     		.short	24576
 1497 0b5e 0060     		.short	24576
 1498 0b60 0060     		.short	24576
 1499 0b62 0060     		.short	24576
 1500 0b64 0000     		.short	0
 1501 0b66 0000     		.short	0
 1502 0b68 0000     		.short	0
 1503 0b6a 0000     		.short	0
 1504 0b6c 801D     		.short	7552
 1505 0b6e 803F     		.short	16256
 1506 0b70 8073     		.short	29568
 1507 0b72 8061     		.short	24960
 1508 0b74 8061     		.short	24960
 1509 0b76 8061     		.short	24960
 1510 0b78 8061     		.short	24960
 1511 0b7a 8073     		.short	29568
 1512 0b7c 803F     		.short	16256
 1513 0b7e 801D     		.short	7552
 1514 0b80 8001     		.short	384
 1515 0b82 8001     		.short	384
 1516 0b84 8001     		.short	384
 1517 0b86 8001     		.short	384
 1518 0b88 0000     		.short	0
 1519 0b8a 0000     		.short	0
 1520 0b8c 0000     		.short	0
 1521 0b8e 0000     		.short	0
 1522 0b90 0000     		.short	0
 1523 0b92 0067     		.short	26368
 1524 0b94 803F     		.short	16256
 1525 0b96 0039     		.short	14592
 1526 0b98 0030     		.short	12288
 1527 0b9a 0030     		.short	12288
 1528 0b9c 0030     		.short	12288
 1529 0b9e 0030     		.short	12288
 1530 0ba0 0030     		.short	12288
 1531 0ba2 0030     		.short	12288
 1532 0ba4 0030     		.short	12288
 1533 0ba6 0000     		.short	0
 1534 0ba8 0000     		.short	0
 1535 0baa 0000     		.short	0
 1536 0bac 0000     		.short	0
 1537 0bae 0000     		.short	0
 1538 0bb0 0000     		.short	0
 1539 0bb2 0000     		.short	0
 1540 0bb4 0000     		.short	0
 1541 0bb6 001E     		.short	7680
 1542 0bb8 803F     		.short	16256
 1543 0bba 8061     		.short	24960
 1544 0bbc 0060     		.short	24576
 1545 0bbe 007F     		.short	32512
ARM GAS  C:\Users\ADMINI~1\AppData\Local\Temp\ccgJDxQy.s 			page 28


 1546 0bc0 803F     		.short	16256
 1547 0bc2 8001     		.short	384
 1548 0bc4 8061     		.short	24960
 1549 0bc6 007F     		.short	32512
 1550 0bc8 001E     		.short	7680
 1551 0bca 0000     		.short	0
 1552 0bcc 0000     		.short	0
 1553 0bce 0000     		.short	0
 1554 0bd0 0000     		.short	0
 1555 0bd2 0000     		.short	0
 1556 0bd4 0008     		.short	2048
 1557 0bd6 0018     		.short	6144
 1558 0bd8 0018     		.short	6144
 1559 0bda 007F     		.short	32512
 1560 0bdc 007F     		.short	32512
 1561 0bde 0018     		.short	6144
 1562 0be0 0018     		.short	6144
 1563 0be2 0018     		.short	6144
 1564 0be4 0018     		.short	6144
 1565 0be6 0018     		.short	6144
 1566 0be8 0018     		.short	6144
 1567 0bea 801F     		.short	8064
 1568 0bec 800F     		.short	3968
 1569 0bee 0000     		.short	0
 1570 0bf0 0000     		.short	0
 1571 0bf2 0000     		.short	0
 1572 0bf4 0000     		.short	0
 1573 0bf6 0000     		.short	0
 1574 0bf8 0000     		.short	0
 1575 0bfa 0000     		.short	0
 1576 0bfc 0000     		.short	0
 1577 0bfe 8061     		.short	24960
 1578 0c00 8061     		.short	24960
 1579 0c02 8061     		.short	24960
 1580 0c04 8061     		.short	24960
 1581 0c06 8061     		.short	24960
 1582 0c08 8061     		.short	24960
 1583 0c0a 8061     		.short	24960
 1584 0c0c 8063     		.short	25472
 1585 0c0e 807F     		.short	32640
 1586 0c10 803D     		.short	15744
 1587 0c12 0000     		.short	0
 1588 0c14 0000     		.short	0
 1589 0c16 0000     		.short	0
 1590 0c18 0000     		.short	0
 1591 0c1a 0000     		.short	0
 1592 0c1c 0000     		.short	0
 1593 0c1e 0000     		.short	0
 1594 0c20 0000     		.short	0
 1595 0c22 C060     		.short	24768
 1596 0c24 8031     		.short	12672
 1597 0c26 8031     		.short	12672
 1598 0c28 8031     		.short	12672
 1599 0c2a 001B     		.short	6912
 1600 0c2c 001B     		.short	6912
 1601 0c2e 001B     		.short	6912
 1602 0c30 000E     		.short	3584
ARM GAS  C:\Users\ADMINI~1\AppData\Local\Temp\ccgJDxQy.s 			page 29


 1603 0c32 000E     		.short	3584
 1604 0c34 0006     		.short	1536
 1605 0c36 0000     		.short	0
 1606 0c38 0000     		.short	0
 1607 0c3a 0000     		.short	0
 1608 0c3c 0000     		.short	0
 1609 0c3e 0000     		.short	0
 1610 0c40 0000     		.short	0
 1611 0c42 0000     		.short	0
 1612 0c44 0000     		.short	0
 1613 0c46 80DD     		.short	-8832
 1614 0c48 80DD     		.short	-8832
 1615 0c4a 80DD     		.short	-8832
 1616 0c4c 0055     		.short	21760
 1617 0c4e 0055     		.short	21760
 1618 0c50 0055     		.short	21760
 1619 0c52 0077     		.short	30464
 1620 0c54 0077     		.short	30464
 1621 0c56 0022     		.short	8704
 1622 0c58 0022     		.short	8704
 1623 0c5a 0000     		.short	0
 1624 0c5c 0000     		.short	0
 1625 0c5e 0000     		.short	0
 1626 0c60 0000     		.short	0
 1627 0c62 0000     		.short	0
 1628 0c64 0000     		.short	0
 1629 0c66 0000     		.short	0
 1630 0c68 0000     		.short	0
 1631 0c6a 8061     		.short	24960
 1632 0c6c 0033     		.short	13056
 1633 0c6e 0033     		.short	13056
 1634 0c70 001E     		.short	7680
 1635 0c72 000C     		.short	3072
 1636 0c74 000C     		.short	3072
 1637 0c76 001E     		.short	7680
 1638 0c78 0033     		.short	13056
 1639 0c7a 0033     		.short	13056
 1640 0c7c 8061     		.short	24960
 1641 0c7e 0000     		.short	0
 1642 0c80 0000     		.short	0
 1643 0c82 0000     		.short	0
 1644 0c84 0000     		.short	0
 1645 0c86 0000     		.short	0
 1646 0c88 0000     		.short	0
 1647 0c8a 0000     		.short	0
 1648 0c8c 8061     		.short	24960
 1649 0c8e 8061     		.short	24960
 1650 0c90 8031     		.short	12672
 1651 0c92 0033     		.short	13056
 1652 0c94 0033     		.short	13056
 1653 0c96 001B     		.short	6912
 1654 0c98 001B     		.short	6912
 1655 0c9a 001B     		.short	6912
 1656 0c9c 000E     		.short	3584
 1657 0c9e 000E     		.short	3584
 1658 0ca0 000E     		.short	3584
 1659 0ca2 001C     		.short	7168
ARM GAS  C:\Users\ADMINI~1\AppData\Local\Temp\ccgJDxQy.s 			page 30


 1660 0ca4 007C     		.short	31744
 1661 0ca6 0070     		.short	28672
 1662 0ca8 0000     		.short	0
 1663 0caa 0000     		.short	0
 1664 0cac 0000     		.short	0
 1665 0cae 0000     		.short	0
 1666 0cb0 0000     		.short	0
 1667 0cb2 C07F     		.short	32704
 1668 0cb4 C07F     		.short	32704
 1669 0cb6 8001     		.short	384
 1670 0cb8 0003     		.short	768
 1671 0cba 0006     		.short	1536
 1672 0cbc 000C     		.short	3072
 1673 0cbe 0018     		.short	6144
 1674 0cc0 0030     		.short	12288
 1675 0cc2 C07F     		.short	32704
 1676 0cc4 C07F     		.short	32704
 1677 0cc6 0000     		.short	0
 1678 0cc8 0000     		.short	0
 1679 0cca 0000     		.short	0
 1680 0ccc 8003     		.short	896
 1681 0cce 8007     		.short	1920
 1682 0cd0 0006     		.short	1536
 1683 0cd2 0006     		.short	1536
 1684 0cd4 0006     		.short	1536
 1685 0cd6 0006     		.short	1536
 1686 0cd8 0006     		.short	1536
 1687 0cda 000E     		.short	3584
 1688 0cdc 001C     		.short	7168
 1689 0cde 001C     		.short	7168
 1690 0ce0 000E     		.short	3584
 1691 0ce2 0006     		.short	1536
 1692 0ce4 0006     		.short	1536
 1693 0ce6 0006     		.short	1536
 1694 0ce8 0006     		.short	1536
 1695 0cea 0006     		.short	1536
 1696 0cec 8007     		.short	1920
 1697 0cee 8003     		.short	896
 1698 0cf0 0006     		.short	1536
 1699 0cf2 0006     		.short	1536
 1700 0cf4 0006     		.short	1536
 1701 0cf6 0006     		.short	1536
 1702 0cf8 0006     		.short	1536
 1703 0cfa 0006     		.short	1536
 1704 0cfc 0006     		.short	1536
 1705 0cfe 0006     		.short	1536
 1706 0d00 0006     		.short	1536
 1707 0d02 0006     		.short	1536
 1708 0d04 0006     		.short	1536
 1709 0d06 0006     		.short	1536
 1710 0d08 0006     		.short	1536
 1711 0d0a 0006     		.short	1536
 1712 0d0c 0006     		.short	1536
 1713 0d0e 0006     		.short	1536
 1714 0d10 0006     		.short	1536
 1715 0d12 0006     		.short	1536
 1716 0d14 0038     		.short	14336
ARM GAS  C:\Users\ADMINI~1\AppData\Local\Temp\ccgJDxQy.s 			page 31


 1717 0d16 003C     		.short	15360
 1718 0d18 000C     		.short	3072
 1719 0d1a 000C     		.short	3072
 1720 0d1c 000C     		.short	3072
 1721 0d1e 000C     		.short	3072
 1722 0d20 000C     		.short	3072
 1723 0d22 000E     		.short	3584
 1724 0d24 0007     		.short	1792
 1725 0d26 0007     		.short	1792
 1726 0d28 000E     		.short	3584
 1727 0d2a 000C     		.short	3072
 1728 0d2c 000C     		.short	3072
 1729 0d2e 000C     		.short	3072
 1730 0d30 000C     		.short	3072
 1731 0d32 000C     		.short	3072
 1732 0d34 003C     		.short	15360
 1733 0d36 0038     		.short	14336
 1734 0d38 0000     		.short	0
 1735 0d3a 0000     		.short	0
 1736 0d3c 0000     		.short	0
 1737 0d3e 0000     		.short	0
 1738 0d40 0000     		.short	0
 1739 0d42 0000     		.short	0
 1740 0d44 0000     		.short	0
 1741 0d46 8038     		.short	14464
 1742 0d48 807F     		.short	32640
 1743 0d4a 0047     		.short	18176
 1744 0d4c 0000     		.short	0
 1745 0d4e 0000     		.short	0
 1746 0d50 0000     		.short	0
 1747 0d52 0000     		.short	0
 1748 0d54 0000     		.short	0
 1749 0d56 0000     		.short	0
 1750 0d58 0000     		.short	0
 1751 0d5a 0000     		.short	0
 1752              		.section	.rodata.Font7x10,"a"
 1753              		.align	2
 1756              	Font7x10:
 1757 0000 0000     		.short	0
 1758 0002 0000     		.short	0
 1759 0004 0000     		.short	0
 1760 0006 0000     		.short	0
 1761 0008 0000     		.short	0
 1762 000a 0000     		.short	0
 1763 000c 0000     		.short	0
 1764 000e 0000     		.short	0
 1765 0010 0000     		.short	0
 1766 0012 0000     		.short	0
 1767 0014 0010     		.short	4096
 1768 0016 0010     		.short	4096
 1769 0018 0010     		.short	4096
 1770 001a 0010     		.short	4096
 1771 001c 0010     		.short	4096
 1772 001e 0010     		.short	4096
 1773 0020 0000     		.short	0
 1774 0022 0010     		.short	4096
 1775 0024 0000     		.short	0
ARM GAS  C:\Users\ADMINI~1\AppData\Local\Temp\ccgJDxQy.s 			page 32


 1776 0026 0000     		.short	0
 1777 0028 0028     		.short	10240
 1778 002a 0028     		.short	10240
 1779 002c 0028     		.short	10240
 1780 002e 0000     		.short	0
 1781 0030 0000     		.short	0
 1782 0032 0000     		.short	0
 1783 0034 0000     		.short	0
 1784 0036 0000     		.short	0
 1785 0038 0000     		.short	0
 1786 003a 0000     		.short	0
 1787 003c 0024     		.short	9216
 1788 003e 0024     		.short	9216
 1789 0040 007C     		.short	31744
 1790 0042 0024     		.short	9216
 1791 0044 0048     		.short	18432
 1792 0046 007C     		.short	31744
 1793 0048 0048     		.short	18432
 1794 004a 0048     		.short	18432
 1795 004c 0000     		.short	0
 1796 004e 0000     		.short	0
 1797 0050 0038     		.short	14336
 1798 0052 0054     		.short	21504
 1799 0054 0050     		.short	20480
 1800 0056 0038     		.short	14336
 1801 0058 0014     		.short	5120
 1802 005a 0054     		.short	21504
 1803 005c 0054     		.short	21504
 1804 005e 0038     		.short	14336
 1805 0060 0010     		.short	4096
 1806 0062 0000     		.short	0
 1807 0064 0020     		.short	8192
 1808 0066 0054     		.short	21504
 1809 0068 0058     		.short	22528
 1810 006a 0030     		.short	12288
 1811 006c 0028     		.short	10240
 1812 006e 0054     		.short	21504
 1813 0070 0014     		.short	5120
 1814 0072 0008     		.short	2048
 1815 0074 0000     		.short	0
 1816 0076 0000     		.short	0
 1817 0078 0010     		.short	4096
 1818 007a 0028     		.short	10240
 1819 007c 0028     		.short	10240
 1820 007e 0010     		.short	4096
 1821 0080 0034     		.short	13312
 1822 0082 0048     		.short	18432
 1823 0084 0048     		.short	18432
 1824 0086 0034     		.short	13312
 1825 0088 0000     		.short	0
 1826 008a 0000     		.short	0
 1827 008c 0010     		.short	4096
 1828 008e 0010     		.short	4096
 1829 0090 0010     		.short	4096
 1830 0092 0000     		.short	0
 1831 0094 0000     		.short	0
 1832 0096 0000     		.short	0
ARM GAS  C:\Users\ADMINI~1\AppData\Local\Temp\ccgJDxQy.s 			page 33


 1833 0098 0000     		.short	0
 1834 009a 0000     		.short	0
 1835 009c 0000     		.short	0
 1836 009e 0000     		.short	0
 1837 00a0 0008     		.short	2048
 1838 00a2 0010     		.short	4096
 1839 00a4 0020     		.short	8192
 1840 00a6 0020     		.short	8192
 1841 00a8 0020     		.short	8192
 1842 00aa 0020     		.short	8192
 1843 00ac 0020     		.short	8192
 1844 00ae 0020     		.short	8192
 1845 00b0 0010     		.short	4096
 1846 00b2 0008     		.short	2048
 1847 00b4 0020     		.short	8192
 1848 00b6 0010     		.short	4096
 1849 00b8 0008     		.short	2048
 1850 00ba 0008     		.short	2048
 1851 00bc 0008     		.short	2048
 1852 00be 0008     		.short	2048
 1853 00c0 0008     		.short	2048
 1854 00c2 0008     		.short	2048
 1855 00c4 0010     		.short	4096
 1856 00c6 0020     		.short	8192
 1857 00c8 0010     		.short	4096
 1858 00ca 0038     		.short	14336
 1859 00cc 0010     		.short	4096
 1860 00ce 0028     		.short	10240
 1861 00d0 0000     		.short	0
 1862 00d2 0000     		.short	0
 1863 00d4 0000     		.short	0
 1864 00d6 0000     		.short	0
 1865 00d8 0000     		.short	0
 1866 00da 0000     		.short	0
 1867 00dc 0000     		.short	0
 1868 00de 0000     		.short	0
 1869 00e0 0010     		.short	4096
 1870 00e2 0010     		.short	4096
 1871 00e4 007C     		.short	31744
 1872 00e6 0010     		.short	4096
 1873 00e8 0010     		.short	4096
 1874 00ea 0000     		.short	0
 1875 00ec 0000     		.short	0
 1876 00ee 0000     		.short	0
 1877 00f0 0000     		.short	0
 1878 00f2 0000     		.short	0
 1879 00f4 0000     		.short	0
 1880 00f6 0000     		.short	0
 1881 00f8 0000     		.short	0
 1882 00fa 0000     		.short	0
 1883 00fc 0000     		.short	0
 1884 00fe 0010     		.short	4096
 1885 0100 0010     		.short	4096
 1886 0102 0010     		.short	4096
 1887 0104 0000     		.short	0
 1888 0106 0000     		.short	0
 1889 0108 0000     		.short	0
ARM GAS  C:\Users\ADMINI~1\AppData\Local\Temp\ccgJDxQy.s 			page 34


 1890 010a 0000     		.short	0
 1891 010c 0000     		.short	0
 1892 010e 0038     		.short	14336
 1893 0110 0000     		.short	0
 1894 0112 0000     		.short	0
 1895 0114 0000     		.short	0
 1896 0116 0000     		.short	0
 1897 0118 0000     		.short	0
 1898 011a 0000     		.short	0
 1899 011c 0000     		.short	0
 1900 011e 0000     		.short	0
 1901 0120 0000     		.short	0
 1902 0122 0000     		.short	0
 1903 0124 0000     		.short	0
 1904 0126 0010     		.short	4096
 1905 0128 0000     		.short	0
 1906 012a 0000     		.short	0
 1907 012c 0008     		.short	2048
 1908 012e 0008     		.short	2048
 1909 0130 0010     		.short	4096
 1910 0132 0010     		.short	4096
 1911 0134 0010     		.short	4096
 1912 0136 0010     		.short	4096
 1913 0138 0020     		.short	8192
 1914 013a 0020     		.short	8192
 1915 013c 0000     		.short	0
 1916 013e 0000     		.short	0
 1917 0140 0038     		.short	14336
 1918 0142 0044     		.short	17408
 1919 0144 0044     		.short	17408
 1920 0146 0054     		.short	21504
 1921 0148 0044     		.short	17408
 1922 014a 0044     		.short	17408
 1923 014c 0044     		.short	17408
 1924 014e 0038     		.short	14336
 1925 0150 0000     		.short	0
 1926 0152 0000     		.short	0
 1927 0154 0010     		.short	4096
 1928 0156 0030     		.short	12288
 1929 0158 0050     		.short	20480
 1930 015a 0010     		.short	4096
 1931 015c 0010     		.short	4096
 1932 015e 0010     		.short	4096
 1933 0160 0010     		.short	4096
 1934 0162 0010     		.short	4096
 1935 0164 0000     		.short	0
 1936 0166 0000     		.short	0
 1937 0168 0038     		.short	14336
 1938 016a 0044     		.short	17408
 1939 016c 0044     		.short	17408
 1940 016e 0004     		.short	1024
 1941 0170 0008     		.short	2048
 1942 0172 0010     		.short	4096
 1943 0174 0020     		.short	8192
 1944 0176 007C     		.short	31744
 1945 0178 0000     		.short	0
 1946 017a 0000     		.short	0
ARM GAS  C:\Users\ADMINI~1\AppData\Local\Temp\ccgJDxQy.s 			page 35


 1947 017c 0038     		.short	14336
 1948 017e 0044     		.short	17408
 1949 0180 0004     		.short	1024
 1950 0182 0018     		.short	6144
 1951 0184 0004     		.short	1024
 1952 0186 0004     		.short	1024
 1953 0188 0044     		.short	17408
 1954 018a 0038     		.short	14336
 1955 018c 0000     		.short	0
 1956 018e 0000     		.short	0
 1957 0190 0008     		.short	2048
 1958 0192 0018     		.short	6144
 1959 0194 0028     		.short	10240
 1960 0196 0028     		.short	10240
 1961 0198 0048     		.short	18432
 1962 019a 007C     		.short	31744
 1963 019c 0008     		.short	2048
 1964 019e 0008     		.short	2048
 1965 01a0 0000     		.short	0
 1966 01a2 0000     		.short	0
 1967 01a4 007C     		.short	31744
 1968 01a6 0040     		.short	16384
 1969 01a8 0040     		.short	16384
 1970 01aa 0078     		.short	30720
 1971 01ac 0004     		.short	1024
 1972 01ae 0004     		.short	1024
 1973 01b0 0044     		.short	17408
 1974 01b2 0038     		.short	14336
 1975 01b4 0000     		.short	0
 1976 01b6 0000     		.short	0
 1977 01b8 0038     		.short	14336
 1978 01ba 0044     		.short	17408
 1979 01bc 0040     		.short	16384
 1980 01be 0078     		.short	30720
 1981 01c0 0044     		.short	17408
 1982 01c2 0044     		.short	17408
 1983 01c4 0044     		.short	17408
 1984 01c6 0038     		.short	14336
 1985 01c8 0000     		.short	0
 1986 01ca 0000     		.short	0
 1987 01cc 007C     		.short	31744
 1988 01ce 0004     		.short	1024
 1989 01d0 0008     		.short	2048
 1990 01d2 0010     		.short	4096
 1991 01d4 0010     		.short	4096
 1992 01d6 0020     		.short	8192
 1993 01d8 0020     		.short	8192
 1994 01da 0020     		.short	8192
 1995 01dc 0000     		.short	0
 1996 01de 0000     		.short	0
 1997 01e0 0038     		.short	14336
 1998 01e2 0044     		.short	17408
 1999 01e4 0044     		.short	17408
 2000 01e6 0038     		.short	14336
 2001 01e8 0044     		.short	17408
 2002 01ea 0044     		.short	17408
 2003 01ec 0044     		.short	17408
ARM GAS  C:\Users\ADMINI~1\AppData\Local\Temp\ccgJDxQy.s 			page 36


 2004 01ee 0038     		.short	14336
 2005 01f0 0000     		.short	0
 2006 01f2 0000     		.short	0
 2007 01f4 0038     		.short	14336
 2008 01f6 0044     		.short	17408
 2009 01f8 0044     		.short	17408
 2010 01fa 0044     		.short	17408
 2011 01fc 003C     		.short	15360
 2012 01fe 0004     		.short	1024
 2013 0200 0044     		.short	17408
 2014 0202 0038     		.short	14336
 2015 0204 0000     		.short	0
 2016 0206 0000     		.short	0
 2017 0208 0000     		.short	0
 2018 020a 0000     		.short	0
 2019 020c 0010     		.short	4096
 2020 020e 0000     		.short	0
 2021 0210 0000     		.short	0
 2022 0212 0000     		.short	0
 2023 0214 0000     		.short	0
 2024 0216 0010     		.short	4096
 2025 0218 0000     		.short	0
 2026 021a 0000     		.short	0
 2027 021c 0000     		.short	0
 2028 021e 0000     		.short	0
 2029 0220 0000     		.short	0
 2030 0222 0010     		.short	4096
 2031 0224 0000     		.short	0
 2032 0226 0000     		.short	0
 2033 0228 0000     		.short	0
 2034 022a 0010     		.short	4096
 2035 022c 0010     		.short	4096
 2036 022e 0010     		.short	4096
 2037 0230 0000     		.short	0
 2038 0232 0000     		.short	0
 2039 0234 000C     		.short	3072
 2040 0236 0030     		.short	12288
 2041 0238 0040     		.short	16384
 2042 023a 0030     		.short	12288
 2043 023c 000C     		.short	3072
 2044 023e 0000     		.short	0
 2045 0240 0000     		.short	0
 2046 0242 0000     		.short	0
 2047 0244 0000     		.short	0
 2048 0246 0000     		.short	0
 2049 0248 0000     		.short	0
 2050 024a 007C     		.short	31744
 2051 024c 0000     		.short	0
 2052 024e 007C     		.short	31744
 2053 0250 0000     		.short	0
 2054 0252 0000     		.short	0
 2055 0254 0000     		.short	0
 2056 0256 0000     		.short	0
 2057 0258 0000     		.short	0
 2058 025a 0000     		.short	0
 2059 025c 0060     		.short	24576
 2060 025e 0018     		.short	6144
ARM GAS  C:\Users\ADMINI~1\AppData\Local\Temp\ccgJDxQy.s 			page 37


 2061 0260 0004     		.short	1024
 2062 0262 0018     		.short	6144
 2063 0264 0060     		.short	24576
 2064 0266 0000     		.short	0
 2065 0268 0000     		.short	0
 2066 026a 0000     		.short	0
 2067 026c 0038     		.short	14336
 2068 026e 0044     		.short	17408
 2069 0270 0004     		.short	1024
 2070 0272 0008     		.short	2048
 2071 0274 0010     		.short	4096
 2072 0276 0010     		.short	4096
 2073 0278 0000     		.short	0
 2074 027a 0010     		.short	4096
 2075 027c 0000     		.short	0
 2076 027e 0000     		.short	0
 2077 0280 0038     		.short	14336
 2078 0282 0044     		.short	17408
 2079 0284 004C     		.short	19456
 2080 0286 0054     		.short	21504
 2081 0288 005C     		.short	23552
 2082 028a 0040     		.short	16384
 2083 028c 0040     		.short	16384
 2084 028e 0038     		.short	14336
 2085 0290 0000     		.short	0
 2086 0292 0000     		.short	0
 2087 0294 0010     		.short	4096
 2088 0296 0028     		.short	10240
 2089 0298 0028     		.short	10240
 2090 029a 0028     		.short	10240
 2091 029c 0028     		.short	10240
 2092 029e 007C     		.short	31744
 2093 02a0 0044     		.short	17408
 2094 02a2 0044     		.short	17408
 2095 02a4 0000     		.short	0
 2096 02a6 0000     		.short	0
 2097 02a8 0078     		.short	30720
 2098 02aa 0044     		.short	17408
 2099 02ac 0044     		.short	17408
 2100 02ae 0078     		.short	30720
 2101 02b0 0044     		.short	17408
 2102 02b2 0044     		.short	17408
 2103 02b4 0044     		.short	17408
 2104 02b6 0078     		.short	30720
 2105 02b8 0000     		.short	0
 2106 02ba 0000     		.short	0
 2107 02bc 0038     		.short	14336
 2108 02be 0044     		.short	17408
 2109 02c0 0040     		.short	16384
 2110 02c2 0040     		.short	16384
 2111 02c4 0040     		.short	16384
 2112 02c6 0040     		.short	16384
 2113 02c8 0044     		.short	17408
 2114 02ca 0038     		.short	14336
 2115 02cc 0000     		.short	0
 2116 02ce 0000     		.short	0
 2117 02d0 0070     		.short	28672
ARM GAS  C:\Users\ADMINI~1\AppData\Local\Temp\ccgJDxQy.s 			page 38


 2118 02d2 0048     		.short	18432
 2119 02d4 0044     		.short	17408
 2120 02d6 0044     		.short	17408
 2121 02d8 0044     		.short	17408
 2122 02da 0044     		.short	17408
 2123 02dc 0048     		.short	18432
 2124 02de 0070     		.short	28672
 2125 02e0 0000     		.short	0
 2126 02e2 0000     		.short	0
 2127 02e4 007C     		.short	31744
 2128 02e6 0040     		.short	16384
 2129 02e8 0040     		.short	16384
 2130 02ea 007C     		.short	31744
 2131 02ec 0040     		.short	16384
 2132 02ee 0040     		.short	16384
 2133 02f0 0040     		.short	16384
 2134 02f2 007C     		.short	31744
 2135 02f4 0000     		.short	0
 2136 02f6 0000     		.short	0
 2137 02f8 007C     		.short	31744
 2138 02fa 0040     		.short	16384
 2139 02fc 0040     		.short	16384
 2140 02fe 0078     		.short	30720
 2141 0300 0040     		.short	16384
 2142 0302 0040     		.short	16384
 2143 0304 0040     		.short	16384
 2144 0306 0040     		.short	16384
 2145 0308 0000     		.short	0
 2146 030a 0000     		.short	0
 2147 030c 0038     		.short	14336
 2148 030e 0044     		.short	17408
 2149 0310 0040     		.short	16384
 2150 0312 0040     		.short	16384
 2151 0314 005C     		.short	23552
 2152 0316 0044     		.short	17408
 2153 0318 0044     		.short	17408
 2154 031a 0038     		.short	14336
 2155 031c 0000     		.short	0
 2156 031e 0000     		.short	0
 2157 0320 0044     		.short	17408
 2158 0322 0044     		.short	17408
 2159 0324 0044     		.short	17408
 2160 0326 007C     		.short	31744
 2161 0328 0044     		.short	17408
 2162 032a 0044     		.short	17408
 2163 032c 0044     		.short	17408
 2164 032e 0044     		.short	17408
 2165 0330 0000     		.short	0
 2166 0332 0000     		.short	0
 2167 0334 0038     		.short	14336
 2168 0336 0010     		.short	4096
 2169 0338 0010     		.short	4096
 2170 033a 0010     		.short	4096
 2171 033c 0010     		.short	4096
 2172 033e 0010     		.short	4096
 2173 0340 0010     		.short	4096
 2174 0342 0038     		.short	14336
ARM GAS  C:\Users\ADMINI~1\AppData\Local\Temp\ccgJDxQy.s 			page 39


 2175 0344 0000     		.short	0
 2176 0346 0000     		.short	0
 2177 0348 0004     		.short	1024
 2178 034a 0004     		.short	1024
 2179 034c 0004     		.short	1024
 2180 034e 0004     		.short	1024
 2181 0350 0004     		.short	1024
 2182 0352 0004     		.short	1024
 2183 0354 0044     		.short	17408
 2184 0356 0038     		.short	14336
 2185 0358 0000     		.short	0
 2186 035a 0000     		.short	0
 2187 035c 0044     		.short	17408
 2188 035e 0048     		.short	18432
 2189 0360 0050     		.short	20480
 2190 0362 0060     		.short	24576
 2191 0364 0050     		.short	20480
 2192 0366 0048     		.short	18432
 2193 0368 0048     		.short	18432
 2194 036a 0044     		.short	17408
 2195 036c 0000     		.short	0
 2196 036e 0000     		.short	0
 2197 0370 0040     		.short	16384
 2198 0372 0040     		.short	16384
 2199 0374 0040     		.short	16384
 2200 0376 0040     		.short	16384
 2201 0378 0040     		.short	16384
 2202 037a 0040     		.short	16384
 2203 037c 0040     		.short	16384
 2204 037e 007C     		.short	31744
 2205 0380 0000     		.short	0
 2206 0382 0000     		.short	0
 2207 0384 0044     		.short	17408
 2208 0386 006C     		.short	27648
 2209 0388 006C     		.short	27648
 2210 038a 0054     		.short	21504
 2211 038c 0044     		.short	17408
 2212 038e 0044     		.short	17408
 2213 0390 0044     		.short	17408
 2214 0392 0044     		.short	17408
 2215 0394 0000     		.short	0
 2216 0396 0000     		.short	0
 2217 0398 0044     		.short	17408
 2218 039a 0064     		.short	25600
 2219 039c 0064     		.short	25600
 2220 039e 0054     		.short	21504
 2221 03a0 0054     		.short	21504
 2222 03a2 004C     		.short	19456
 2223 03a4 004C     		.short	19456
 2224 03a6 0044     		.short	17408
 2225 03a8 0000     		.short	0
 2226 03aa 0000     		.short	0
 2227 03ac 0038     		.short	14336
 2228 03ae 0044     		.short	17408
 2229 03b0 0044     		.short	17408
 2230 03b2 0044     		.short	17408
 2231 03b4 0044     		.short	17408
ARM GAS  C:\Users\ADMINI~1\AppData\Local\Temp\ccgJDxQy.s 			page 40


 2232 03b6 0044     		.short	17408
 2233 03b8 0044     		.short	17408
 2234 03ba 0038     		.short	14336
 2235 03bc 0000     		.short	0
 2236 03be 0000     		.short	0
 2237 03c0 0078     		.short	30720
 2238 03c2 0044     		.short	17408
 2239 03c4 0044     		.short	17408
 2240 03c6 0044     		.short	17408
 2241 03c8 0078     		.short	30720
 2242 03ca 0040     		.short	16384
 2243 03cc 0040     		.short	16384
 2244 03ce 0040     		.short	16384
 2245 03d0 0000     		.short	0
 2246 03d2 0000     		.short	0
 2247 03d4 0038     		.short	14336
 2248 03d6 0044     		.short	17408
 2249 03d8 0044     		.short	17408
 2250 03da 0044     		.short	17408
 2251 03dc 0044     		.short	17408
 2252 03de 0044     		.short	17408
 2253 03e0 0054     		.short	21504
 2254 03e2 0038     		.short	14336
 2255 03e4 0004     		.short	1024
 2256 03e6 0000     		.short	0
 2257 03e8 0078     		.short	30720
 2258 03ea 0044     		.short	17408
 2259 03ec 0044     		.short	17408
 2260 03ee 0044     		.short	17408
 2261 03f0 0078     		.short	30720
 2262 03f2 0048     		.short	18432
 2263 03f4 0048     		.short	18432
 2264 03f6 0044     		.short	17408
 2265 03f8 0000     		.short	0
 2266 03fa 0000     		.short	0
 2267 03fc 0038     		.short	14336
 2268 03fe 0044     		.short	17408
 2269 0400 0040     		.short	16384
 2270 0402 0030     		.short	12288
 2271 0404 0008     		.short	2048
 2272 0406 0004     		.short	1024
 2273 0408 0044     		.short	17408
 2274 040a 0038     		.short	14336
 2275 040c 0000     		.short	0
 2276 040e 0000     		.short	0
 2277 0410 007C     		.short	31744
 2278 0412 0010     		.short	4096
 2279 0414 0010     		.short	4096
 2280 0416 0010     		.short	4096
 2281 0418 0010     		.short	4096
 2282 041a 0010     		.short	4096
 2283 041c 0010     		.short	4096
 2284 041e 0010     		.short	4096
 2285 0420 0000     		.short	0
 2286 0422 0000     		.short	0
 2287 0424 0044     		.short	17408
 2288 0426 0044     		.short	17408
ARM GAS  C:\Users\ADMINI~1\AppData\Local\Temp\ccgJDxQy.s 			page 41


 2289 0428 0044     		.short	17408
 2290 042a 0044     		.short	17408
 2291 042c 0044     		.short	17408
 2292 042e 0044     		.short	17408
 2293 0430 0044     		.short	17408
 2294 0432 0038     		.short	14336
 2295 0434 0000     		.short	0
 2296 0436 0000     		.short	0
 2297 0438 0044     		.short	17408
 2298 043a 0044     		.short	17408
 2299 043c 0044     		.short	17408
 2300 043e 0028     		.short	10240
 2301 0440 0028     		.short	10240
 2302 0442 0028     		.short	10240
 2303 0444 0010     		.short	4096
 2304 0446 0010     		.short	4096
 2305 0448 0000     		.short	0
 2306 044a 0000     		.short	0
 2307 044c 0044     		.short	17408
 2308 044e 0044     		.short	17408
 2309 0450 0054     		.short	21504
 2310 0452 0054     		.short	21504
 2311 0454 0054     		.short	21504
 2312 0456 006C     		.short	27648
 2313 0458 0028     		.short	10240
 2314 045a 0028     		.short	10240
 2315 045c 0000     		.short	0
 2316 045e 0000     		.short	0
 2317 0460 0044     		.short	17408
 2318 0462 0028     		.short	10240
 2319 0464 0028     		.short	10240
 2320 0466 0010     		.short	4096
 2321 0468 0010     		.short	4096
 2322 046a 0028     		.short	10240
 2323 046c 0028     		.short	10240
 2324 046e 0044     		.short	17408
 2325 0470 0000     		.short	0
 2326 0472 0000     		.short	0
 2327 0474 0044     		.short	17408
 2328 0476 0044     		.short	17408
 2329 0478 0028     		.short	10240
 2330 047a 0028     		.short	10240
 2331 047c 0010     		.short	4096
 2332 047e 0010     		.short	4096
 2333 0480 0010     		.short	4096
 2334 0482 0010     		.short	4096
 2335 0484 0000     		.short	0
 2336 0486 0000     		.short	0
 2337 0488 007C     		.short	31744
 2338 048a 0004     		.short	1024
 2339 048c 0008     		.short	2048
 2340 048e 0010     		.short	4096
 2341 0490 0010     		.short	4096
 2342 0492 0020     		.short	8192
 2343 0494 0040     		.short	16384
 2344 0496 007C     		.short	31744
 2345 0498 0000     		.short	0
ARM GAS  C:\Users\ADMINI~1\AppData\Local\Temp\ccgJDxQy.s 			page 42


 2346 049a 0000     		.short	0
 2347 049c 0018     		.short	6144
 2348 049e 0010     		.short	4096
 2349 04a0 0010     		.short	4096
 2350 04a2 0010     		.short	4096
 2351 04a4 0010     		.short	4096
 2352 04a6 0010     		.short	4096
 2353 04a8 0010     		.short	4096
 2354 04aa 0010     		.short	4096
 2355 04ac 0010     		.short	4096
 2356 04ae 0018     		.short	6144
 2357 04b0 0020     		.short	8192
 2358 04b2 0020     		.short	8192
 2359 04b4 0010     		.short	4096
 2360 04b6 0010     		.short	4096
 2361 04b8 0010     		.short	4096
 2362 04ba 0010     		.short	4096
 2363 04bc 0008     		.short	2048
 2364 04be 0008     		.short	2048
 2365 04c0 0000     		.short	0
 2366 04c2 0000     		.short	0
 2367 04c4 0030     		.short	12288
 2368 04c6 0010     		.short	4096
 2369 04c8 0010     		.short	4096
 2370 04ca 0010     		.short	4096
 2371 04cc 0010     		.short	4096
 2372 04ce 0010     		.short	4096
 2373 04d0 0010     		.short	4096
 2374 04d2 0010     		.short	4096
 2375 04d4 0010     		.short	4096
 2376 04d6 0030     		.short	12288
 2377 04d8 0010     		.short	4096
 2378 04da 0028     		.short	10240
 2379 04dc 0028     		.short	10240
 2380 04de 0044     		.short	17408
 2381 04e0 0000     		.short	0
 2382 04e2 0000     		.short	0
 2383 04e4 0000     		.short	0
 2384 04e6 0000     		.short	0
 2385 04e8 0000     		.short	0
 2386 04ea 0000     		.short	0
 2387 04ec 0000     		.short	0
 2388 04ee 0000     		.short	0
 2389 04f0 0000     		.short	0
 2390 04f2 0000     		.short	0
 2391 04f4 0000     		.short	0
 2392 04f6 0000     		.short	0
 2393 04f8 0000     		.short	0
 2394 04fa 0000     		.short	0
 2395 04fc 0000     		.short	0
 2396 04fe 00FE     		.short	-512
 2397 0500 0020     		.short	8192
 2398 0502 0010     		.short	4096
 2399 0504 0000     		.short	0
 2400 0506 0000     		.short	0
 2401 0508 0000     		.short	0
 2402 050a 0000     		.short	0
ARM GAS  C:\Users\ADMINI~1\AppData\Local\Temp\ccgJDxQy.s 			page 43


 2403 050c 0000     		.short	0
 2404 050e 0000     		.short	0
 2405 0510 0000     		.short	0
 2406 0512 0000     		.short	0
 2407 0514 0000     		.short	0
 2408 0516 0000     		.short	0
 2409 0518 0038     		.short	14336
 2410 051a 0044     		.short	17408
 2411 051c 003C     		.short	15360
 2412 051e 0044     		.short	17408
 2413 0520 004C     		.short	19456
 2414 0522 0034     		.short	13312
 2415 0524 0000     		.short	0
 2416 0526 0000     		.short	0
 2417 0528 0040     		.short	16384
 2418 052a 0040     		.short	16384
 2419 052c 0058     		.short	22528
 2420 052e 0064     		.short	25600
 2421 0530 0044     		.short	17408
 2422 0532 0044     		.short	17408
 2423 0534 0064     		.short	25600
 2424 0536 0058     		.short	22528
 2425 0538 0000     		.short	0
 2426 053a 0000     		.short	0
 2427 053c 0000     		.short	0
 2428 053e 0000     		.short	0
 2429 0540 0038     		.short	14336
 2430 0542 0044     		.short	17408
 2431 0544 0040     		.short	16384
 2432 0546 0040     		.short	16384
 2433 0548 0044     		.short	17408
 2434 054a 0038     		.short	14336
 2435 054c 0000     		.short	0
 2436 054e 0000     		.short	0
 2437 0550 0004     		.short	1024
 2438 0552 0004     		.short	1024
 2439 0554 0034     		.short	13312
 2440 0556 004C     		.short	19456
 2441 0558 0044     		.short	17408
 2442 055a 0044     		.short	17408
 2443 055c 004C     		.short	19456
 2444 055e 0034     		.short	13312
 2445 0560 0000     		.short	0
 2446 0562 0000     		.short	0
 2447 0564 0000     		.short	0
 2448 0566 0000     		.short	0
 2449 0568 0038     		.short	14336
 2450 056a 0044     		.short	17408
 2451 056c 007C     		.short	31744
 2452 056e 0040     		.short	16384
 2453 0570 0044     		.short	17408
 2454 0572 0038     		.short	14336
 2455 0574 0000     		.short	0
 2456 0576 0000     		.short	0
 2457 0578 000C     		.short	3072
 2458 057a 0010     		.short	4096
 2459 057c 007C     		.short	31744
ARM GAS  C:\Users\ADMINI~1\AppData\Local\Temp\ccgJDxQy.s 			page 44


 2460 057e 0010     		.short	4096
 2461 0580 0010     		.short	4096
 2462 0582 0010     		.short	4096
 2463 0584 0010     		.short	4096
 2464 0586 0010     		.short	4096
 2465 0588 0000     		.short	0
 2466 058a 0000     		.short	0
 2467 058c 0000     		.short	0
 2468 058e 0000     		.short	0
 2469 0590 0034     		.short	13312
 2470 0592 004C     		.short	19456
 2471 0594 0044     		.short	17408
 2472 0596 0044     		.short	17408
 2473 0598 004C     		.short	19456
 2474 059a 0034     		.short	13312
 2475 059c 0004     		.short	1024
 2476 059e 0078     		.short	30720
 2477 05a0 0040     		.short	16384
 2478 05a2 0040     		.short	16384
 2479 05a4 0058     		.short	22528
 2480 05a6 0064     		.short	25600
 2481 05a8 0044     		.short	17408
 2482 05aa 0044     		.short	17408
 2483 05ac 0044     		.short	17408
 2484 05ae 0044     		.short	17408
 2485 05b0 0000     		.short	0
 2486 05b2 0000     		.short	0
 2487 05b4 0010     		.short	4096
 2488 05b6 0000     		.short	0
 2489 05b8 0070     		.short	28672
 2490 05ba 0010     		.short	4096
 2491 05bc 0010     		.short	4096
 2492 05be 0010     		.short	4096
 2493 05c0 0010     		.short	4096
 2494 05c2 0010     		.short	4096
 2495 05c4 0000     		.short	0
 2496 05c6 0000     		.short	0
 2497 05c8 0010     		.short	4096
 2498 05ca 0000     		.short	0
 2499 05cc 0070     		.short	28672
 2500 05ce 0010     		.short	4096
 2501 05d0 0010     		.short	4096
 2502 05d2 0010     		.short	4096
 2503 05d4 0010     		.short	4096
 2504 05d6 0010     		.short	4096
 2505 05d8 0010     		.short	4096
 2506 05da 00E0     		.short	-8192
 2507 05dc 0040     		.short	16384
 2508 05de 0040     		.short	16384
 2509 05e0 0048     		.short	18432
 2510 05e2 0050     		.short	20480
 2511 05e4 0060     		.short	24576
 2512 05e6 0050     		.short	20480
 2513 05e8 0048     		.short	18432
 2514 05ea 0044     		.short	17408
 2515 05ec 0000     		.short	0
 2516 05ee 0000     		.short	0
ARM GAS  C:\Users\ADMINI~1\AppData\Local\Temp\ccgJDxQy.s 			page 45


 2517 05f0 0070     		.short	28672
 2518 05f2 0010     		.short	4096
 2519 05f4 0010     		.short	4096
 2520 05f6 0010     		.short	4096
 2521 05f8 0010     		.short	4096
 2522 05fa 0010     		.short	4096
 2523 05fc 0010     		.short	4096
 2524 05fe 0010     		.short	4096
 2525 0600 0000     		.short	0
 2526 0602 0000     		.short	0
 2527 0604 0000     		.short	0
 2528 0606 0000     		.short	0
 2529 0608 0078     		.short	30720
 2530 060a 0054     		.short	21504
 2531 060c 0054     		.short	21504
 2532 060e 0054     		.short	21504
 2533 0610 0054     		.short	21504
 2534 0612 0054     		.short	21504
 2535 0614 0000     		.short	0
 2536 0616 0000     		.short	0
 2537 0618 0000     		.short	0
 2538 061a 0000     		.short	0
 2539 061c 0058     		.short	22528
 2540 061e 0064     		.short	25600
 2541 0620 0044     		.short	17408
 2542 0622 0044     		.short	17408
 2543 0624 0044     		.short	17408
 2544 0626 0044     		.short	17408
 2545 0628 0000     		.short	0
 2546 062a 0000     		.short	0
 2547 062c 0000     		.short	0
 2548 062e 0000     		.short	0
 2549 0630 0038     		.short	14336
 2550 0632 0044     		.short	17408
 2551 0634 0044     		.short	17408
 2552 0636 0044     		.short	17408
 2553 0638 0044     		.short	17408
 2554 063a 0038     		.short	14336
 2555 063c 0000     		.short	0
 2556 063e 0000     		.short	0
 2557 0640 0000     		.short	0
 2558 0642 0000     		.short	0
 2559 0644 0058     		.short	22528
 2560 0646 0064     		.short	25600
 2561 0648 0044     		.short	17408
 2562 064a 0044     		.short	17408
 2563 064c 0064     		.short	25600
 2564 064e 0058     		.short	22528
 2565 0650 0040     		.short	16384
 2566 0652 0040     		.short	16384
 2567 0654 0000     		.short	0
 2568 0656 0000     		.short	0
 2569 0658 0034     		.short	13312
 2570 065a 004C     		.short	19456
 2571 065c 0044     		.short	17408
 2572 065e 0044     		.short	17408
 2573 0660 004C     		.short	19456
ARM GAS  C:\Users\ADMINI~1\AppData\Local\Temp\ccgJDxQy.s 			page 46


 2574 0662 0034     		.short	13312
 2575 0664 0004     		.short	1024
 2576 0666 0004     		.short	1024
 2577 0668 0000     		.short	0
 2578 066a 0000     		.short	0
 2579 066c 0058     		.short	22528
 2580 066e 0064     		.short	25600
 2581 0670 0040     		.short	16384
 2582 0672 0040     		.short	16384
 2583 0674 0040     		.short	16384
 2584 0676 0040     		.short	16384
 2585 0678 0000     		.short	0
 2586 067a 0000     		.short	0
 2587 067c 0000     		.short	0
 2588 067e 0000     		.short	0
 2589 0680 0038     		.short	14336
 2590 0682 0044     		.short	17408
 2591 0684 0030     		.short	12288
 2592 0686 0008     		.short	2048
 2593 0688 0044     		.short	17408
 2594 068a 0038     		.short	14336
 2595 068c 0000     		.short	0
 2596 068e 0000     		.short	0
 2597 0690 0020     		.short	8192
 2598 0692 0020     		.short	8192
 2599 0694 0078     		.short	30720
 2600 0696 0020     		.short	8192
 2601 0698 0020     		.short	8192
 2602 069a 0020     		.short	8192
 2603 069c 0020     		.short	8192
 2604 069e 0018     		.short	6144
 2605 06a0 0000     		.short	0
 2606 06a2 0000     		.short	0
 2607 06a4 0000     		.short	0
 2608 06a6 0000     		.short	0
 2609 06a8 0044     		.short	17408
 2610 06aa 0044     		.short	17408
 2611 06ac 0044     		.short	17408
 2612 06ae 0044     		.short	17408
 2613 06b0 004C     		.short	19456
 2614 06b2 0034     		.short	13312
 2615 06b4 0000     		.short	0
 2616 06b6 0000     		.short	0
 2617 06b8 0000     		.short	0
 2618 06ba 0000     		.short	0
 2619 06bc 0044     		.short	17408
 2620 06be 0044     		.short	17408
 2621 06c0 0028     		.short	10240
 2622 06c2 0028     		.short	10240
 2623 06c4 0028     		.short	10240
 2624 06c6 0010     		.short	4096
 2625 06c8 0000     		.short	0
 2626 06ca 0000     		.short	0
 2627 06cc 0000     		.short	0
 2628 06ce 0000     		.short	0
 2629 06d0 0054     		.short	21504
 2630 06d2 0054     		.short	21504
ARM GAS  C:\Users\ADMINI~1\AppData\Local\Temp\ccgJDxQy.s 			page 47


 2631 06d4 0054     		.short	21504
 2632 06d6 006C     		.short	27648
 2633 06d8 0028     		.short	10240
 2634 06da 0028     		.short	10240
 2635 06dc 0000     		.short	0
 2636 06de 0000     		.short	0
 2637 06e0 0000     		.short	0
 2638 06e2 0000     		.short	0
 2639 06e4 0044     		.short	17408
 2640 06e6 0028     		.short	10240
 2641 06e8 0010     		.short	4096
 2642 06ea 0010     		.short	4096
 2643 06ec 0028     		.short	10240
 2644 06ee 0044     		.short	17408
 2645 06f0 0000     		.short	0
 2646 06f2 0000     		.short	0
 2647 06f4 0000     		.short	0
 2648 06f6 0000     		.short	0
 2649 06f8 0044     		.short	17408
 2650 06fa 0044     		.short	17408
 2651 06fc 0028     		.short	10240
 2652 06fe 0028     		.short	10240
 2653 0700 0010     		.short	4096
 2654 0702 0010     		.short	4096
 2655 0704 0010     		.short	4096
 2656 0706 0060     		.short	24576
 2657 0708 0000     		.short	0
 2658 070a 0000     		.short	0
 2659 070c 007C     		.short	31744
 2660 070e 0008     		.short	2048
 2661 0710 0010     		.short	4096
 2662 0712 0020     		.short	8192
 2663 0714 0040     		.short	16384
 2664 0716 007C     		.short	31744
 2665 0718 0000     		.short	0
 2666 071a 0000     		.short	0
 2667 071c 0018     		.short	6144
 2668 071e 0010     		.short	4096
 2669 0720 0010     		.short	4096
 2670 0722 0010     		.short	4096
 2671 0724 0020     		.short	8192
 2672 0726 0020     		.short	8192
 2673 0728 0010     		.short	4096
 2674 072a 0010     		.short	4096
 2675 072c 0010     		.short	4096
 2676 072e 0018     		.short	6144
 2677 0730 0010     		.short	4096
 2678 0732 0010     		.short	4096
 2679 0734 0010     		.short	4096
 2680 0736 0010     		.short	4096
 2681 0738 0010     		.short	4096
 2682 073a 0010     		.short	4096
 2683 073c 0010     		.short	4096
 2684 073e 0010     		.short	4096
 2685 0740 0010     		.short	4096
 2686 0742 0010     		.short	4096
 2687 0744 0030     		.short	12288
ARM GAS  C:\Users\ADMINI~1\AppData\Local\Temp\ccgJDxQy.s 			page 48


 2688 0746 0010     		.short	4096
 2689 0748 0010     		.short	4096
 2690 074a 0010     		.short	4096
 2691 074c 0008     		.short	2048
 2692 074e 0008     		.short	2048
 2693 0750 0010     		.short	4096
 2694 0752 0010     		.short	4096
 2695 0754 0010     		.short	4096
 2696 0756 0030     		.short	12288
 2697 0758 0000     		.short	0
 2698 075a 0000     		.short	0
 2699 075c 0000     		.short	0
 2700 075e 0074     		.short	29696
 2701 0760 004C     		.short	19456
 2702 0762 0000     		.short	0
 2703 0764 0000     		.short	0
 2704 0766 0000     		.short	0
 2705 0768 0000     		.short	0
 2706 076a 0000     		.short	0
 2707              		.text
 2708              	.Letext0:
 2709              		.file 1 "c:\\program files (x86)\\gnu arm embedded toolchain\\10 2021.10\\arm-none-eabi\\include\\
 2710              		.file 2 "c:\\program files (x86)\\gnu arm embedded toolchain\\10 2021.10\\arm-none-eabi\\include\\
 2711              		.file 3 "Core/Inc/font.h"
 2712              		.file 4 "Core/Src/font.c"
ARM GAS  C:\Users\ADMINI~1\AppData\Local\Temp\ccgJDxQy.s 			page 49


DEFINED SYMBOLS
                            *ABS*:00000000 font.c
C:\Users\ADMINI~1\AppData\Local\Temp\ccgJDxQy.s:23     .data.Font_11x18:00000000 Font_11x18
C:\Users\ADMINI~1\AppData\Local\Temp\ccgJDxQy.s:32     .data.Font_7x10:00000000 Font_7x10
C:\Users\ADMINI~1\AppData\Local\Temp\ccgJDxQy.s:20     .data.Font_11x18:00000000 $d
C:\Users\ADMINI~1\AppData\Local\Temp\ccgJDxQy.s:41     .rodata.Font11x18:00000000 Font11x18
C:\Users\ADMINI~1\AppData\Local\Temp\ccgJDxQy.s:29     .data.Font_7x10:00000000 $d
C:\Users\ADMINI~1\AppData\Local\Temp\ccgJDxQy.s:1756   .rodata.Font7x10:00000000 Font7x10
C:\Users\ADMINI~1\AppData\Local\Temp\ccgJDxQy.s:38     .rodata.Font11x18:00000000 $d
C:\Users\ADMINI~1\AppData\Local\Temp\ccgJDxQy.s:1753   .rodata.Font7x10:00000000 $d

NO UNDEFINED SYMBOLS
